This is XeTeX, Version 3.14159265-2.6-0.999991 (MiKTeX 2.9.7140 64-bit) (preloaded format=xelatex 2020.1.3)  3 JAN 2020 23:11
entering extended mode
**./2020-01-15-brynmawr.tex
(2020-01-15-brynmawr.tex
LaTeX2e <2018-12-01>
("C:\Users\ckgon\AppData\Local\Programs\MiKTeX 2.9\tex/latex/base\book.cls"
Document Class: book 2018/09/03 v1.4i Standard LaTeX document class
("C:\Users\ckgon\AppData\Local\Programs\MiKTeX 2.9\tex/latex/base\bk10.clo"
File: bk10.clo 2018/09/03 v1.4i Standard LaTeX file (size option)
)
\c@part=\count80
\c@chapter=\count81
\c@section=\count82
\c@subsection=\count83
\c@subsubsection=\count84
\c@paragraph=\count85
\c@subparagraph=\count86
\c@figure=\count87
\c@table=\count88
\abovecaptionskip=\skip41
\belowcaptionskip=\skip42
\bibindent=\dimen102
) ("C:\Users\ckgon\AppData\Local\Programs\MiKTeX 2.9\tex/latex/lm\lmodern.sty"
Package: lmodern 2009/10/30 v1.6 Latin Modern Fonts
LaTeX Font Info:    Overwriting symbol font `operators' in version `normal'
(Font)                  OT1/cmr/m/n --> OT1/lmr/m/n on input line 22.
LaTeX Font Info:    Overwriting symbol font `letters' in version `normal'
(Font)                  OML/cmm/m/it --> OML/lmm/m/it on input line 23.
LaTeX Font Info:    Overwriting symbol font `symbols' in version `normal'
(Font)                  OMS/cmsy/m/n --> OMS/lmsy/m/n on input line 24.
LaTeX Font Info:    Overwriting symbol font `largesymbols' in version `normal'
(Font)                  OMX/cmex/m/n --> OMX/lmex/m/n on input line 25.
LaTeX Font Info:    Overwriting symbol font `operators' in version `bold'
(Font)                  OT1/cmr/bx/n --> OT1/lmr/bx/n on input line 26.
LaTeX Font Info:    Overwriting symbol font `letters' in version `bold'
(Font)                  OML/cmm/b/it --> OML/lmm/b/it on input line 27.
LaTeX Font Info:    Overwriting symbol font `symbols' in version `bold'
(Font)                  OMS/cmsy/b/n --> OMS/lmsy/b/n on input line 28.
LaTeX Font Info:    Overwriting symbol font `largesymbols' in version `bold'
(Font)                  OMX/cmex/m/n --> OMX/lmex/m/n on input line 29.
LaTeX Font Info:    Overwriting math alphabet `\mathbf' in version `normal'
(Font)                  OT1/cmr/bx/n --> OT1/lmr/bx/n on input line 31.
LaTeX Font Info:    Overwriting math alphabet `\mathsf' in version `normal'
(Font)                  OT1/cmss/m/n --> OT1/lmss/m/n on input line 32.
LaTeX Font Info:    Overwriting math alphabet `\mathit' in version `normal'
(Font)                  OT1/cmr/m/it --> OT1/lmr/m/it on input line 33.
LaTeX Font Info:    Overwriting math alphabet `\mathtt' in version `normal'
(Font)                  OT1/cmtt/m/n --> OT1/lmtt/m/n on input line 34.
LaTeX Font Info:    Overwriting math alphabet `\mathbf' in version `bold'
(Font)                  OT1/cmr/bx/n --> OT1/lmr/bx/n on input line 35.
LaTeX Font Info:    Overwriting math alphabet `\mathsf' in version `bold'
(Font)                  OT1/cmss/bx/n --> OT1/lmss/bx/n on input line 36.
LaTeX Font Info:    Overwriting math alphabet `\mathit' in version `bold'
(Font)                  OT1/cmr/bx/it --> OT1/lmr/bx/it on input line 37.
LaTeX Font Info:    Overwriting math alphabet `\mathtt' in version `bold'
(Font)                  OT1/cmtt/m/n --> OT1/lmtt/m/n on input line 38.
)
("C:\Users\ckgon\AppData\Local\Programs\MiKTeX 2.9\tex/latex/amsfonts\amssymb.s
ty"
Package: amssymb 2013/01/14 v3.01 AMS font symbols

("C:\Users\ckgon\AppData\Local\Programs\MiKTeX 2.9\tex/latex/amsfonts\amsfonts.
sty"
Package: amsfonts 2013/01/14 v3.01 Basic AMSFonts support
\@emptytoks=\toks14
\symAMSa=\mathgroup4
\symAMSb=\mathgroup5
LaTeX Font Info:    Overwriting math alphabet `\mathfrak' in version `bold'
(Font)                  U/euf/m/n --> U/euf/b/n on input line 106.
))
("C:\Users\ckgon\AppData\Local\Programs\MiKTeX 2.9\tex/latex/amsmath\amsmath.st
y"
Package: amsmath 2018/12/01 v2.17b AMS math features
\@mathmargin=\skip43
For additional information on amsmath, use the `?' option.

("C:\Users\ckgon\AppData\Local\Programs\MiKTeX 2.9\tex/latex/amsmath\amstext.st
y"
Package: amstext 2000/06/29 v2.01 AMS text
("C:\Users\ckgon\AppData\Local\Programs\MiKTeX 2.9\tex/latex/amsmath\amsgen.sty
"
File: amsgen.sty 1999/11/30 v2.0 generic functions
\@emptytoks=\toks15
\ex@=\dimen103
)) ("C:\Users\ckgon\AppData\Local\Programs\MiKTeX 2.9\tex/latex/amsmath\amsbsy.
sty"
Package: amsbsy 1999/11/29 v1.2d Bold Symbols
\pmbraise@=\dimen104
) ("C:\Users\ckgon\AppData\Local\Programs\MiKTeX 2.9\tex/latex/amsmath\amsopn.s
ty"
Package: amsopn 2016/03/08 v2.02 operator names
)
\inf@bad=\count89
LaTeX Info: Redefining \frac on input line 223.
\uproot@=\count90
\leftroot@=\count91
LaTeX Info: Redefining \overline on input line 385.
\classnum@=\count92
\DOTSCASE@=\count93
LaTeX Info: Redefining \ldots on input line 482.
LaTeX Info: Redefining \dots on input line 485.
LaTeX Info: Redefining \cdots on input line 606.
\Mathstrutbox@=\box27
\strutbox@=\box28
\big@size=\dimen105
LaTeX Font Info:    Redeclaring font encoding OML on input line 729.
LaTeX Font Info:    Redeclaring font encoding OMS on input line 730.
\macc@depth=\count94
\c@MaxMatrixCols=\count95
\dotsspace@=\muskip10
\c@parentequation=\count96
\dspbrk@lvl=\count97
\tag@help=\toks16
\row@=\count98
\column@=\count99
\maxfields@=\count100
\andhelp@=\toks17
\eqnshift@=\dimen106
\alignsep@=\dimen107
\tagshift@=\dimen108
\tagwidth@=\dimen109
\totwidth@=\dimen110
\lineht@=\dimen111
\@envbody=\toks18
\multlinegap=\skip44
\multlinetaggap=\skip45
\mathdisplay@stack=\toks19
LaTeX Info: Redefining \[ on input line 2844.
LaTeX Info: Redefining \] on input line 2845.
)
("C:\Users\ckgon\AppData\Local\Programs\MiKTeX 2.9\tex/generic/ifxetex\ifxetex.
sty"
Package: ifxetex 2010/09/12 v0.6 Provides ifxetex conditional
)
("C:\Users\ckgon\AppData\Local\Programs\MiKTeX 2.9\tex/generic/oberdiek\ifluate
x.sty"
Package: ifluatex 2016/05/16 v1.4 Provides the ifluatex switch (HO)
Package ifluatex Info: LuaTeX not detected.
) ("C:\Users\ckgon\AppData\Local\Programs\MiKTeX 2.9\tex/latex/base\fixltx2e.st
y"
Package: fixltx2e 2016/12/29 v2.1a fixes to LaTeX (obsolete)
Applying: [2015/01/01] Old fixltx2e package on input line 46.

Package fixltx2e Warning: fixltx2e is not required with releases after 2015
(fixltx2e)                All fixes are now in the LaTeX kernel.
(fixltx2e)                See the latexrelease package for details.

Already applied: [0000/00/00] Old fixltx2e package on input line 53.
)
("C:\Users\ckgon\AppData\Local\Programs\MiKTeX 2.9\tex/xelatex/mathspec\mathspe
c.sty"
Package: mathspec 2016/12/22 v0.2b LaTeX Package (Mathematics font selection fo
r XeLaTeX)

("C:\Users\ckgon\AppData\Local\Programs\MiKTeX 2.9\tex/latex/etoolbox\etoolbox.
sty"
Package: etoolbox 2019/09/09 v2.5g e-TeX tools for LaTeX (JAW)
\etb@tempcnta=\count101
)
("C:\Users\ckgon\AppData\Local\Programs\MiKTeX 2.9\tex/latex/fontspec\fontspec.
sty"
("C:\Users\ckgon\AppData\Local\Programs\MiKTeX 2.9\tex/latex/l3packages/xparse\
xparse.sty" ("C:\Users\ckgon\AppData\Local\Programs\MiKTeX 2.9\tex/latex/l3kern
el\expl3.sty"
Package: expl3 2019-09-08 L3 programming layer (loader) 

("C:\Users\ckgon\AppData\Local\Programs\MiKTeX 2.9\tex/latex/l3kernel\expl3-cod
e.tex"
Package: expl3 2019-09-08 L3 programming layer (code)
\c_max_int=\count102
\l_tmpa_int=\count103
\l_tmpb_int=\count104
\g_tmpa_int=\count105
\g_tmpb_int=\count106
\g__kernel_prg_map_int=\count107
\c__ior_term_noprompt_ior=\count108
\c_log_iow=\count109
\l_iow_line_count_int=\count110
\l__iow_line_target_int=\count111
\l__iow_one_indent_int=\count112
\l__iow_indent_int=\count113
\c_zero_dim=\dimen112
\c_max_dim=\dimen113
\l_tmpa_dim=\dimen114
\l_tmpb_dim=\dimen115
\g_tmpa_dim=\dimen116
\g_tmpb_dim=\dimen117
\c_zero_skip=\skip46
\c_max_skip=\skip47
\l_tmpa_skip=\skip48
\l_tmpb_skip=\skip49
\g_tmpa_skip=\skip50
\g_tmpb_skip=\skip51
\c_zero_muskip=\muskip11
\c_max_muskip=\muskip12
\l_tmpa_muskip=\muskip13
\l_tmpb_muskip=\muskip14
\g_tmpa_muskip=\muskip15
\g_tmpb_muskip=\muskip16
\l_keys_choice_int=\count114
\l__intarray_loop_int=\count115
\c__intarray_sp_dim=\dimen118
\g__intarray_font_int=\count116
\c__fp_leading_shift_int=\count117
\c__fp_middle_shift_int=\count118
\c__fp_trailing_shift_int=\count119
\c__fp_big_leading_shift_int=\count120
\c__fp_big_middle_shift_int=\count121
\c__fp_big_trailing_shift_int=\count122
\c__fp_Bigg_leading_shift_int=\count123
\c__fp_Bigg_middle_shift_int=\count124
\c__fp_Bigg_trailing_shift_int=\count125
\g__fp_array_int=\count126
\l__fp_array_loop_int=\count127
\l__sort_length_int=\count128
\l__sort_min_int=\count129
\l__sort_top_int=\count130
\l__sort_max_int=\count131
\l__sort_true_max_int=\count132
\l__sort_block_int=\count133
\l__sort_begin_int=\count134
\l__sort_end_int=\count135
\l__sort_A_int=\count136
\l__sort_B_int=\count137
\l__sort_C_int=\count138
\l__str_internal_int=\count139
\l__tl_analysis_normal_int=\count140
\l__tl_analysis_index_int=\count141
\l__tl_analysis_nesting_int=\count142
\l__tl_analysis_type_int=\count143
\l__regex_internal_a_int=\count144
\l__regex_internal_b_int=\count145
\l__regex_internal_c_int=\count146
\l__regex_balance_int=\count147
\l__regex_group_level_int=\count148
\l__regex_mode_int=\count149
\c__regex_cs_in_class_mode_int=\count150
\c__regex_cs_mode_int=\count151
\l__regex_catcodes_int=\count152
\l__regex_default_catcodes_int=\count153
\c__regex_catcode_L_int=\count154
\c__regex_catcode_O_int=\count155
\c__regex_catcode_A_int=\count156
\c__regex_all_catcodes_int=\count157
\l__regex_show_lines_int=\count158
\l__regex_min_state_int=\count159
\l__regex_max_state_int=\count160
\l__regex_left_state_int=\count161
\l__regex_right_state_int=\count162
\l__regex_capturing_group_int=\count163
\l__regex_min_pos_int=\count164
\l__regex_max_pos_int=\count165
\l__regex_curr_pos_int=\count166
\l__regex_start_pos_int=\count167
\l__regex_success_pos_int=\count168
\l__regex_curr_char_int=\count169
\l__regex_curr_catcode_int=\count170
\l__regex_last_char_int=\count171
\l__regex_case_changed_char_int=\count172
\l__regex_curr_state_int=\count173
\l__regex_step_int=\count174
\l__regex_min_active_int=\count175
\l__regex_max_active_int=\count176
\l__regex_replacement_csnames_int=\count177
\l__regex_match_count_int=\count178
\l__regex_min_submatch_int=\count179
\l__regex_submatch_int=\count180
\l__regex_zeroth_submatch_int=\count181
\g__regex_trace_regex_int=\count182
\c_empty_box=\box29
\l_tmpa_box=\box30
\l_tmpb_box=\box31
\g_tmpa_box=\box32
\g_tmpb_box=\box33
\l__box_top_dim=\dimen119
\l__box_bottom_dim=\dimen120
\l__box_left_dim=\dimen121
\l__box_right_dim=\dimen122
\l__box_top_new_dim=\dimen123
\l__box_bottom_new_dim=\dimen124
\l__box_left_new_dim=\dimen125
\l__box_right_new_dim=\dimen126
\l__box_internal_box=\box34
\l__coffin_internal_box=\box35
\l__coffin_internal_dim=\dimen127
\l__coffin_offset_x_dim=\dimen128
\l__coffin_offset_y_dim=\dimen129
\l__coffin_x_dim=\dimen130
\l__coffin_y_dim=\dimen131
\l__coffin_x_prime_dim=\dimen132
\l__coffin_y_prime_dim=\dimen133
\c_empty_coffin=\box36
\l__coffin_aligned_coffin=\box37
\l__coffin_aligned_internal_coffin=\box38
\l_tmpa_coffin=\box39
\l_tmpb_coffin=\box40
\g_tmpa_coffin=\box41
\g_tmpb_coffin=\box42
\l__coffin_bounding_shift_dim=\dimen134
\l__coffin_left_corner_dim=\dimen135
\l__coffin_right_corner_dim=\dimen136
\l__coffin_bottom_corner_dim=\dimen137
\l__coffin_top_corner_dim=\dimen138
\l__coffin_scaled_total_height_dim=\dimen139
\l__coffin_scaled_width_dim=\dimen140
\c__coffin_empty_coffin=\box43
\l__coffin_display_coffin=\box44
\l__coffin_display_coord_coffin=\box45
\l__coffin_display_pole_coffin=\box46
\l__coffin_display_offset_dim=\dimen141
\l__coffin_display_x_dim=\dimen142
\l__coffin_display_y_dim=\dimen143
\g__char_data_ior=\read1
\l__seq_internal_a_int=\count183
\l__seq_internal_b_int=\count184
)
("C:\Users\ckgon\AppData\Local\Programs\MiKTeX 2.9\tex/latex/l3backend\l3backen
d-xdvipdfmx.def"
File: l3backend-xdvipdfmx.def 2019-04-06 v L3 backend support: xdvipdfmx
\g__graphics_track_int=\count185
\l__pdf_internal_box=\box47
\g__pdf_backend_object_int=\count186
\g__pdf_backend_annotation_int=\count187
))
Package: xparse 2019-05-28 L3 Experimental document command parser
\l__xparse_current_arg_int=\count188
\g__xparse_grabber_int=\count189
\l__xparse_m_args_int=\count190
\l__xparse_v_nesting_int=\count191
)
Package: fontspec 2019/03/15 v2.7c Font selection for XeLaTeX and LuaLaTeX

("C:\Users\ckgon\AppData\Local\Programs\MiKTeX 2.9\tex/latex/fontspec\fontspec-
xetex.sty"
Package: fontspec-xetex 2019/03/15 v2.7c Font selection for XeLaTeX and LuaLaTe
X
\l__fontspec_script_int=\count192
\l__fontspec_language_int=\count193
\l__fontspec_strnum_int=\count194
\l__fontspec_tmp_int=\count195
\l__fontspec_tmpa_int=\count196
\l__fontspec_tmpb_int=\count197
\l__fontspec_tmpc_int=\count198
\l__fontspec_em_int=\count199
\l__fontspec_emdef_int=\count266
\l__fontspec_strong_int=\count267
\l__fontspec_strongdef_int=\count268
\l__fontspec_tmpa_dim=\dimen144
\l__fontspec_tmpb_dim=\dimen145
\l__fontspec_tmpc_dim=\dimen146
("C:\Users\ckgon\AppData\Local\Programs\MiKTeX 2.9\tex/latex/base\fontenc.sty"
Package: fontenc 2018/08/11 v2.0j Standard LaTeX package
("C:\Users\ckgon\AppData\Local\Programs\MiKTeX 2.9\tex/latex/base\tuenc.def"
File: tuenc.def 2018/08/11 v2.0j Standard LaTeX file
LaTeX Font Info:    Redeclaring font encoding TU on input line 82.
))
("C:\Users\ckgon\AppData\Local\Programs\MiKTeX 2.9\tex/latex/fontspec\fontspec.
cfg")
LaTeX Info: Redefining \itshape on input line 4051.
LaTeX Info: Redefining \slshape on input line 4056.
LaTeX Info: Redefining \scshape on input line 4061.
LaTeX Info: Redefining \upshape on input line 4066.
LaTeX Info: Redefining \em on input line 4096.
LaTeX Info: Redefining \emph on input line 4121.
))
("C:\Users\ckgon\AppData\Local\Programs\MiKTeX 2.9\tex/latex/xkeyval\xkeyval.st
y"
Package: xkeyval 2014/12/03 v2.7a package option processing (HA)

("C:\Users\ckgon\AppData\Local\Programs\MiKTeX 2.9\tex/generic/xkeyval\xkeyval.
tex"
("C:\Users\ckgon\AppData\Local\Programs\MiKTeX 2.9\tex/generic/xkeyval\xkvutils
.tex"
\XKV@toks=\toks20
\XKV@tempa@toks=\toks21

("C:\Users\ckgon\AppData\Local\Programs\MiKTeX 2.9\tex/generic/xkeyval\keyval.t
ex"))
\XKV@depth=\count269
File: xkeyval.tex 2014/12/03 v2.7a key=value parser (HA)
))
\c@eu@=\count270
\c@eu@i=\count271
\c@mkern=\count272
)
("C:\Users\ckgon\AppData\Local\Programs\MiKTeX 2.9\tex/latex/upquote\upquote.st
y"
Package: upquote 2012/04/19 v1.3 upright-quote and grave-accent glyphs in verba
tim
("C:\Users\ckgon\AppData\Local\Programs\MiKTeX 2.9\tex/latex/base\textcomp.sty"
Package: textcomp 2018/08/11 v2.0j Standard LaTeX package
Package textcomp Info: Sub-encoding information:
(textcomp)               5 = only ISO-Adobe without \textcurrency
(textcomp)               4 = 5 + \texteuro
(textcomp)               3 = 4 + \textohm
(textcomp)               2 = 3 + \textestimated + \textcurrency
(textcomp)               1 = TS1 - \textcircled - \t
(textcomp)               0 = TS1 (full)
(textcomp)             Font families with sub-encoding setting implement
(textcomp)             only a restricted character set as indicated.
(textcomp)             Family '?' is the default used for unknown fonts.
(textcomp)             See the documentation for details.
Package textcomp Info: Setting ? sub-encoding to TS1/1 on input line 79.
("C:\Users\ckgon\AppData\Local\Programs\MiKTeX 2.9\tex/latex/base\ts1enc.def"
File: ts1enc.def 2001/06/05 v3.0e (jk/car/fm) Standard LaTeX file
)
LaTeX Info: Redefining \oldstylenums on input line 334.
Package textcomp Info: Setting cmr sub-encoding to TS1/0 on input line 349.
Package textcomp Info: Setting cmss sub-encoding to TS1/0 on input line 350.
Package textcomp Info: Setting cmtt sub-encoding to TS1/0 on input line 351.
Package textcomp Info: Setting cmvtt sub-encoding to TS1/0 on input line 352.
Package textcomp Info: Setting cmbr sub-encoding to TS1/0 on input line 353.
Package textcomp Info: Setting cmtl sub-encoding to TS1/0 on input line 354.
Package textcomp Info: Setting ccr sub-encoding to TS1/0 on input line 355.
Package textcomp Info: Setting ptm sub-encoding to TS1/4 on input line 356.
Package textcomp Info: Setting pcr sub-encoding to TS1/4 on input line 357.
Package textcomp Info: Setting phv sub-encoding to TS1/4 on input line 358.
Package textcomp Info: Setting ppl sub-encoding to TS1/3 on input line 359.
Package textcomp Info: Setting pag sub-encoding to TS1/4 on input line 360.
Package textcomp Info: Setting pbk sub-encoding to TS1/4 on input line 361.
Package textcomp Info: Setting pnc sub-encoding to TS1/4 on input line 362.
Package textcomp Info: Setting pzc sub-encoding to TS1/4 on input line 363.
Package textcomp Info: Setting bch sub-encoding to TS1/4 on input line 364.
Package textcomp Info: Setting put sub-encoding to TS1/5 on input line 365.
Package textcomp Info: Setting uag sub-encoding to TS1/5 on input line 366.
Package textcomp Info: Setting ugq sub-encoding to TS1/5 on input line 367.
Package textcomp Info: Setting ul8 sub-encoding to TS1/4 on input line 368.
Package textcomp Info: Setting ul9 sub-encoding to TS1/4 on input line 369.
Package textcomp Info: Setting augie sub-encoding to TS1/5 on input line 370.
Package textcomp Info: Setting dayrom sub-encoding to TS1/3 on input line 371.
Package textcomp Info: Setting dayroms sub-encoding to TS1/3 on input line 372.

Package textcomp Info: Setting pxr sub-encoding to TS1/0 on input line 373.
Package textcomp Info: Setting pxss sub-encoding to TS1/0 on input line 374.
Package textcomp Info: Setting pxtt sub-encoding to TS1/0 on input line 375.
Package textcomp Info: Setting txr sub-encoding to TS1/0 on input line 376.
Package textcomp Info: Setting txss sub-encoding to TS1/0 on input line 377.
Package textcomp Info: Setting txtt sub-encoding to TS1/0 on input line 378.
Package textcomp Info: Setting lmr sub-encoding to TS1/0 on input line 379.
Package textcomp Info: Setting lmdh sub-encoding to TS1/0 on input line 380.
Package textcomp Info: Setting lmss sub-encoding to TS1/0 on input line 381.
Package textcomp Info: Setting lmssq sub-encoding to TS1/0 on input line 382.
Package textcomp Info: Setting lmvtt sub-encoding to TS1/0 on input line 383.
Package textcomp Info: Setting lmtt sub-encoding to TS1/0 on input line 384.
Package textcomp Info: Setting qhv sub-encoding to TS1/0 on input line 385.
Package textcomp Info: Setting qag sub-encoding to TS1/0 on input line 386.
Package textcomp Info: Setting qbk sub-encoding to TS1/0 on input line 387.
Package textcomp Info: Setting qcr sub-encoding to TS1/0 on input line 388.
Package textcomp Info: Setting qcs sub-encoding to TS1/0 on input line 389.
Package textcomp Info: Setting qpl sub-encoding to TS1/0 on input line 390.
Package textcomp Info: Setting qtm sub-encoding to TS1/0 on input line 391.
Package textcomp Info: Setting qzc sub-encoding to TS1/0 on input line 392.
Package textcomp Info: Setting qhvc sub-encoding to TS1/0 on input line 393.
Package textcomp Info: Setting futs sub-encoding to TS1/4 on input line 394.
Package textcomp Info: Setting futx sub-encoding to TS1/4 on input line 395.
Package textcomp Info: Setting futj sub-encoding to TS1/4 on input line 396.
Package textcomp Info: Setting hlh sub-encoding to TS1/3 on input line 397.
Package textcomp Info: Setting hls sub-encoding to TS1/3 on input line 398.
Package textcomp Info: Setting hlst sub-encoding to TS1/3 on input line 399.
Package textcomp Info: Setting hlct sub-encoding to TS1/5 on input line 400.
Package textcomp Info: Setting hlx sub-encoding to TS1/5 on input line 401.
Package textcomp Info: Setting hlce sub-encoding to TS1/5 on input line 402.
Package textcomp Info: Setting hlcn sub-encoding to TS1/5 on input line 403.
Package textcomp Info: Setting hlcw sub-encoding to TS1/5 on input line 404.
Package textcomp Info: Setting hlcf sub-encoding to TS1/5 on input line 405.
Package textcomp Info: Setting pplx sub-encoding to TS1/3 on input line 406.
Package textcomp Info: Setting pplj sub-encoding to TS1/3 on input line 407.
Package textcomp Info: Setting ptmx sub-encoding to TS1/4 on input line 408.
Package textcomp Info: Setting ptmj sub-encoding to TS1/4 on input line 409.
))
("C:\Users\ckgon\AppData\Local\Programs\MiKTeX 2.9\tex/latex/microtype\microtyp
e.sty"
Package: microtype 2019/02/28 v2.7b Micro-typographical refinements (RS)
\MT@toks=\toks22
\MT@count=\count273
LaTeX Info: Redefining \textls on input line 790.
\MT@outer@kern=\dimen147
LaTeX Info: Redefining \textmicrotypecontext on input line 1336.
\MT@listname@count=\count274

("C:\Users\ckgon\AppData\Local\Programs\MiKTeX 2.9\tex/latex/microtype\microtyp
e-xetex.def"
File: microtype-xetex.def 2019/02/28 v2.7b Definitions specific to xetex (RS)
LaTeX Info: Redefining \lsstyle on input line 258.
)
Package microtype Info: Loading configuration file microtype.cfg.

("C:\Users\ckgon\AppData\Local\Programs\MiKTeX 2.9\tex/latex/microtype\microtyp
e.cfg"
File: microtype.cfg 2019/02/28 v2.7b microtype main configuration file (RS)
))
("C:\Users\ckgon\AppData\Local\Programs\MiKTeX 2.9\tex/latex/hyperref\hyperref.
sty"
Package: hyperref 2019/06/12 v6.88h Hypertext links for LaTeX

("C:\Users\ckgon\AppData\Local\Programs\MiKTeX 2.9\tex/generic/oberdiek\hobsub-
hyperref.sty"
Package: hobsub-hyperref 2016/05/16 v1.14 Bundle oberdiek, subset hyperref (HO)


("C:\Users\ckgon\AppData\Local\Programs\MiKTeX 2.9\tex/generic/oberdiek\hobsub-
generic.sty"
Package: hobsub-generic 2016/05/16 v1.14 Bundle oberdiek, subset generic (HO)
Package: hobsub 2016/05/16 v1.14 Construct package bundles (HO)
Package: infwarerr 2016/05/16 v1.4 Providing info/warning/error messages (HO)
Package: ltxcmds 2016/05/16 v1.23 LaTeX kernel commands for general use (HO)
Package hobsub Info: Skipping package `ifluatex' (already loaded).
Package: ifvtex 2016/05/16 v1.6 Detect VTeX and its facilities (HO)
Package ifvtex Info: VTeX not detected.
Package: intcalc 2016/05/16 v1.2 Expandable calculations with integers (HO)
Package: ifpdf 2018/09/07 v3.3 Provides the ifpdf switch
Package: etexcmds 2016/05/16 v1.6 Avoid name clashes with e-TeX commands (HO)
Package: kvsetkeys 2016/05/16 v1.17 Key value parser (HO)
Package: kvdefinekeys 2016/05/16 v1.4 Define keys (HO)
Package: pdftexcmds 2019/07/25 v0.30 Utility functions of pdfTeX for LuaTeX (HO
)
Package pdftexcmds Info: LuaTeX not detected.
Package pdftexcmds Info: pdfTeX >= 1.30 not detected.
Package pdftexcmds Info: \pdf@primitive is available.
Package pdftexcmds Info: \pdf@ifprimitive is available.
Package pdftexcmds Info: \pdfdraftmode not found.
Package: pdfescape 2016/05/16 v1.14 Implements pdfTeX's escape features (HO)
Package: bigintcalc 2016/05/16 v1.4 Expandable calculations on big integers (HO
)
Package: bitset 2016/05/16 v1.2 Handle bit-vector datatype (HO)
Package: uniquecounter 2016/05/16 v1.3 Provide unlimited unique counter (HO)
)
Package hobsub Info: Skipping package `hobsub' (already loaded).
Package: letltxmacro 2016/05/16 v1.5 Let assignment for LaTeX macros (HO)
Package: hopatch 2016/05/16 v1.3 Wrapper for package hooks (HO)
Package: xcolor-patch 2016/05/16 xcolor patch
Package: atveryend 2016/05/16 v1.9 Hooks at the very end of document (HO)
Package: atbegshi 2016/06/09 v1.18 At begin shipout hook (HO)
Package: refcount 2016/05/16 v3.5 Data extraction from label references (HO)
Package: hycolor 2016/05/16 v1.8 Color options for hyperref/bookmark (HO)
)
("C:\Users\ckgon\AppData\Local\Programs\MiKTeX 2.9\tex/latex/oberdiek\auxhook.s
ty"
Package: auxhook 2016/05/16 v1.4 Hooks for auxiliary files (HO)
)
("C:\Users\ckgon\AppData\Local\Programs\MiKTeX 2.9\tex/latex/oberdiek\kvoptions
.sty"
Package: kvoptions 2016/05/16 v3.12 Key value format for package options (HO)
)
\@linkdim=\dimen148
\Hy@linkcounter=\count275
\Hy@pagecounter=\count276

("C:\Users\ckgon\AppData\Local\Programs\MiKTeX 2.9\tex/latex/hyperref\pd1enc.de
f"
File: pd1enc.def 2019/06/12 v6.88h Hyperref: PDFDocEncoding definition (HO)
)
\Hy@SavedSpaceFactor=\count277

("C:\Users\ckgon\AppData\Local\Programs\MiKTeX 2.9\tex/latex/00miktex\hyperref.
cfg"
File: hyperref.cfg 2002/06/06 v1.2 hyperref configuration of TeXLive
)
Package hyperref Info: Option `unicode' set `true' on input line 4424.
("C:\Users\ckgon\AppData\Local\Programs\MiKTeX 2.9\tex/latex/hyperref\puenc.def
"
File: puenc.def 2019/06/12 v6.88h Hyperref: PDF Unicode definition (HO)
)
Package hyperref Info: Hyper figures OFF on input line 4550.
Package hyperref Info: Link nesting OFF on input line 4555.
Package hyperref Info: Hyper index ON on input line 4558.
Package hyperref Info: Plain pages OFF on input line 4565.
Package hyperref Info: Backreferencing OFF on input line 4570.
Package hyperref Info: Implicit mode ON; LaTeX internals redefined.
Package hyperref Info: Bookmarks ON on input line 4803.
\c@Hy@tempcnt=\count278
("C:\Users\ckgon\AppData\Local\Programs\MiKTeX 2.9\tex/latex/url\url.sty"
\Urlmuskip=\muskip17
Package: url 2013/09/16  ver 3.4  Verb mode for urls, etc.
)
LaTeX Info: Redefining \url on input line 5156.
\XeTeXLinkMargin=\dimen149
\Fld@menulength=\count279
\Field@Width=\dimen150
\Fld@charsize=\dimen151
Package hyperref Info: Hyper figures OFF on input line 6411.
Package hyperref Info: Link nesting OFF on input line 6416.
Package hyperref Info: Hyper index ON on input line 6419.
Package hyperref Info: backreferencing OFF on input line 6426.
Package hyperref Info: Link coloring OFF on input line 6431.
Package hyperref Info: Link coloring with OCG OFF on input line 6436.
Package hyperref Info: PDF/A mode OFF on input line 6441.
LaTeX Info: Redefining \ref on input line 6481.
LaTeX Info: Redefining \pageref on input line 6485.
\Hy@abspage=\count280
\c@Item=\count281
\c@Hfootnote=\count282
)
Package hyperref Info: Driver (autodetected): hxetex.

("C:\Users\ckgon\AppData\Local\Programs\MiKTeX 2.9\tex/latex/hyperref\hxetex.de
f"
File: hxetex.def 2019/06/12 v6.88h Hyperref driver for XeTeX

("C:\Users\ckgon\AppData\Local\Programs\MiKTeX 2.9\tex/generic/oberdiek\stringe
nc.sty"
Package: stringenc 2016/05/16 v1.11 Convert strings between diff. encodings (HO
)
)
\pdfm@box=\box48
\c@Hy@AnnotLevel=\count283
\HyField@AnnotCount=\count284
\Fld@listcount=\count285
\c@bookmark@seq@number=\count286

("C:\Users\ckgon\AppData\Local\Programs\MiKTeX 2.9\tex/latex/oberdiek\rerunfile
check.sty"
Package: rerunfilecheck 2016/05/16 v1.8 Rerun checks for auxiliary files (HO)
Package uniquecounter Info: New unique counter `rerunfilecheck' on input line 2
82.
)
\Hy@SectionHShift=\skip52
)
Package hyperref Info: Option `breaklinks' set `true' on input line 30.
("C:\Users\ckgon\AppData\Local\Programs\MiKTeX 2.9\tex/latex/natbib\natbib.sty"
Package: natbib 2010/09/13 8.31b (PWD, AO)
\bibhang=\skip53
\bibsep=\skip54
LaTeX Info: Redefining \cite on input line 694.
\c@NAT@ctr=\count287
) ("C:\Users\ckgon\AppData\Local\Programs\MiKTeX 2.9\tex/latex/graphics\color.s
ty"
Package: color 2016/07/10 v1.1e Standard LaTeX Color (DPC)

("C:\Users\ckgon\AppData\Local\Programs\MiKTeX 2.9\tex/latex/graphics-cfg\color
.cfg"
File: color.cfg 2016/01/02 v1.6 sample color configuration
)
Package color Info: Driver file: xetex.def on input line 147.

("C:\Users\ckgon\AppData\Local\Programs\MiKTeX 2.9\tex/latex/graphics-def\xetex
.def"
File: xetex.def 2017/06/24 v5.0h Graphics/color driver for xetex
))
("C:\Users\ckgon\AppData\Local\Programs\MiKTeX 2.9\tex/latex/fancyvrb\fancyvrb.
sty"
Package: fancyvrb 2019/01/15
Style option: `fancyvrb' v3.2a <2019/01/15> (tvz)
\FV@CodeLineNo=\count288
\FV@InFile=\read2
\FV@TabBox=\box49
\c@FancyVerbLine=\count289
\FV@StepNumber=\count290
\FV@OutFile=\write3
) ("C:\Users\ckgon\AppData\Local\Programs\MiKTeX 2.9\tex/latex/framed\framed.st
y"
Package: framed 2011/10/22 v 0.96: framed or shaded text with page breaks
\OuterFrameSep=\skip55
\fb@frw=\dimen152
\fb@frh=\dimen153
\FrameRule=\dimen154
\FrameSep=\dimen155
)
("C:\Users\ckgon\AppData\Local\Programs\MiKTeX 2.9\tex/latex/tools\longtable.st
y"
Package: longtable 2014/10/28 v4.11 Multi-page Table package (DPC)+ FMi change
\LTleft=\skip56
\LTright=\skip57
\LTpre=\skip58
\LTpost=\skip59
\LTchunksize=\count291
\LTcapwidth=\dimen156
\LT@head=\box50
\LT@firsthead=\box51
\LT@foot=\box52
\LT@lastfoot=\box53
\LT@cols=\count292
\LT@rows=\count293
\c@LT@tables=\count294
\c@LT@chunks=\count295
\LT@p@ftn=\toks23
)
("C:\Users\ckgon\AppData\Local\Programs\MiKTeX 2.9\tex/latex/booktabs\booktabs.
sty"
Package: booktabs 2005/04/14 v1.61803 publication quality tables
\heavyrulewidth=\dimen157
\lightrulewidth=\dimen158
\cmidrulewidth=\dimen159
\belowrulesep=\dimen160
\belowbottomsep=\dimen161
\aboverulesep=\dimen162
\abovetopsep=\dimen163
\cmidrulesep=\dimen164
\cmidrulekern=\dimen165
\defaultaddspace=\dimen166
\@cmidla=\count296
\@cmidlb=\count297
\@aboverulesep=\dimen167
\@belowrulesep=\dimen168
\@thisruleclass=\count298
\@lastruleclass=\count299
\@thisrulewidth=\dimen169
)
("C:\Users\ckgon\AppData\Local\Programs\MiKTeX 2.9\tex/latex/mdwtools\footnote.
sty"
Package: footnote 1997/01/28 1.13 Save footnotes around boxes
\fn@notes=\box54
\fn@width=\dimen170
)
("C:\Users\ckgon\AppData\Local\Programs\MiKTeX 2.9\tex/latex/graphics\graphicx.
sty"
Package: graphicx 2017/06/01 v1.1a Enhanced LaTeX Graphics (DPC,SPQR)

("C:\Users\ckgon\AppData\Local\Programs\MiKTeX 2.9\tex/latex/graphics\graphics.
sty"
Package: graphics 2017/06/25 v1.2c Standard LaTeX Graphics (DPC,SPQR)
("C:\Users\ckgon\AppData\Local\Programs\MiKTeX 2.9\tex/latex/graphics\trig.sty"
Package: trig 2016/01/03 v1.10 sin cos tan (DPC)
)
("C:\Users\ckgon\AppData\Local\Programs\MiKTeX 2.9\tex/latex/graphics-cfg\graph
ics.cfg"
File: graphics.cfg 2016/06/04 v1.11 sample graphics configuration
)
Package graphics Info: Driver file: xetex.def on input line 99.
)
\Gin@req@height=\dimen171
\Gin@req@width=\dimen172
)
("C:\Users\ckgon\AppData\Local\Programs\MiKTeX 2.9\tex/latex/oberdiek\grffile.s
ty"
Package: grffile 2017/06/30 v1.18 Extended file name support for graphics (HO)
Package grffile Info: Option `multidot' is set to `true'.
Package grffile Info: Option `extendedchars' is set to `false'.
Package grffile Info: Option `space' is set to `true'.
Package grffile Info: \Gin@ii of package `graphicx' fixed on input line 494.
)
("C:\Users\ckgon\AppData\Local\Programs\MiKTeX 2.9\tex/latex/parskip\parskip.st
y"
Package: parskip 2019-01-16 v2.0c non-zero parskip adjustments
) ("C:\Users\ckgon\AppData\Local\Programs\MiKTeX 2.9\tex/latex/amscls\amsthm.st
y"
Package: amsthm 2017/10/31 v2.20.4
\thm@style=\toks24
\thm@bodyfont=\toks25
\thm@headfont=\toks26
\thm@notefont=\toks27
\thm@headpunct=\toks28
\thm@preskip=\skip60
\thm@postskip=\skip61
\thm@headsep=\skip62
\dth@everypar=\toks29
) (2020-01-15-brynmawr.aux

LaTeX Warning: Label `forcats' multiply defined.

)
\openout1 = `2020-01-15-brynmawr.aux'.

LaTeX Font Info:    Checking defaults for OML/cmm/m/it on input line 124.
LaTeX Font Info:    ... okay on input line 124.
LaTeX Font Info:    Checking defaults for T1/cmr/m/n on input line 124.
LaTeX Font Info:    ... okay on input line 124.
LaTeX Font Info:    Checking defaults for OT1/cmr/m/n on input line 124.
LaTeX Font Info:    ... okay on input line 124.
LaTeX Font Info:    Checking defaults for OMS/cmsy/m/n on input line 124.
LaTeX Font Info:    ... okay on input line 124.
LaTeX Font Info:    Checking defaults for TU/lmr/m/n on input line 124.
LaTeX Font Info:    ... okay on input line 124.
LaTeX Font Info:    Checking defaults for OMX/cmex/m/n on input line 124.
LaTeX Font Info:    ... okay on input line 124.
LaTeX Font Info:    Checking defaults for U/cmr/m/n on input line 124.
LaTeX Font Info:    ... okay on input line 124.
LaTeX Font Info:    Checking defaults for TS1/cmr/m/n on input line 124.
LaTeX Font Info:    Try loading font information for TS1+cmr on input line 124.

("C:\Users\ckgon\AppData\Local\Programs\MiKTeX 2.9\tex/latex/base\ts1cmr.fd"
File: ts1cmr.fd 2014/09/29 v2.5h Standard LaTeX font definitions
)
LaTeX Font Info:    ... okay on input line 124.
LaTeX Font Info:    Checking defaults for PD1/pdf/m/n on input line 124.
LaTeX Font Info:    ... okay on input line 124.
LaTeX Font Info:    Checking defaults for PU/pdf/m/n on input line 124.
LaTeX Font Info:    ... okay on input line 124.
LaTeX Info: Redefining \microtypecontext on input line 124.
Package microtype Info: Character protrusion enabled (level 2).
Package microtype Info: Using protrusion set `basicmath'.
Package microtype Info: No adjustment of tracking.
Package microtype Info: No adjustment of spacing.
Package microtype Info: No adjustment of kerning.

("C:\Users\ckgon\AppData\Local\Programs\MiKTeX 2.9\tex/latex/microtype\mt-Latin
ModernRoman.cfg"
File: mt-LatinModernRoman.cfg 2013/03/13 v1.0 microtype config. file: Latin Mod
ern Roman (RS)
)
\AtBeginShipoutBox=\box55
Package hyperref Info: Link coloring OFF on input line 124.

("C:\Users\ckgon\AppData\Local\Programs\MiKTeX 2.9\tex/latex/hyperref\nameref.s
ty"
Package: nameref 2016/05/21 v2.44 Cross-referencing by name of section

("C:\Users\ckgon\AppData\Local\Programs\MiKTeX 2.9\tex/generic/oberdiek\gettitl
estring.sty"
Package: gettitlestring 2016/05/16 v1.5 Cleanup title references (HO)
)
\c@section@level=\count300
)
LaTeX Info: Redefining \ref on input line 124.
LaTeX Info: Redefining \pageref on input line 124.
LaTeX Info: Redefining \nameref on input line 124.
(2020-01-15-brynmawr.out) (2020-01-15-brynmawr.out)
\@outlinefile=\write4
\openout4 = `2020-01-15-brynmawr.out'.

LaTeX Font Info:    Try loading font information for OT1+lmr on input line 126.

("C:\Users\ckgon\AppData\Local\Programs\MiKTeX 2.9\tex/latex/lm\ot1lmr.fd"
File: ot1lmr.fd 2009/10/30 v1.6 Font defs for Latin Modern
)
Package microtype Info: Loading generic protrusion settings for font family
(microtype)             `lmr' (encoding: OT1).
(microtype)             For optimal results, create family-specific settings.
(microtype)             See the microtype manual for details.
LaTeX Font Info:    Try loading font information for OML+lmm on input line 126.

("C:\Users\ckgon\AppData\Local\Programs\MiKTeX 2.9\tex/latex/lm\omllmm.fd"
File: omllmm.fd 2009/10/30 v1.6 Font defs for Latin Modern
)
LaTeX Font Info:    Try loading font information for OMS+lmsy on input line 126
.
("C:\Users\ckgon\AppData\Local\Programs\MiKTeX 2.9\tex/latex/lm\omslmsy.fd"
File: omslmsy.fd 2009/10/30 v1.6 Font defs for Latin Modern
)
LaTeX Font Info:    Try loading font information for OMX+lmex on input line 126
.
("C:\Users\ckgon\AppData\Local\Programs\MiKTeX 2.9\tex/latex/lm\omxlmex.fd"
File: omxlmex.fd 2009/10/30 v1.6 Font defs for Latin Modern
)
LaTeX Font Info:    External font `lmex10' loaded for size
(Font)              <12> on input line 126.
LaTeX Font Info:    External font `lmex10' loaded for size
(Font)              <8> on input line 126.
LaTeX Font Info:    External font `lmex10' loaded for size
(Font)              <6> on input line 126.
LaTeX Font Info:    Try loading font information for U+msa on input line 126.
("C:\Users\ckgon\AppData\Local\Programs\MiKTeX 2.9\tex/latex/amsfonts\umsa.fd"
File: umsa.fd 2013/01/14 v3.01 AMS symbols A
)
("C:\Users\ckgon\AppData\Local\Programs\MiKTeX 2.9\tex/latex/microtype\mt-msa.c
fg"
File: mt-msa.cfg 2006/02/04 v1.1 microtype config. file: AMS symbols (a) (RS)
)
LaTeX Font Info:    Try loading font information for U+msb on input line 126.
("C:\Users\ckgon\AppData\Local\Programs\MiKTeX 2.9\tex/latex/amsfonts\umsb.fd"
File: umsb.fd 2013/01/14 v3.01 AMS symbols B
)
("C:\Users\ckgon\AppData\Local\Programs\MiKTeX 2.9\tex/latex/microtype\mt-msb.c
fg"
File: mt-msb.cfg 2005/06/01 v1.0 microtype config. file: AMS symbols (b) (RS)
) [1


] [2

] (2020-01-15-brynmawr.toc
LaTeX Font Info:    External font `lmex10' loaded for size
(Font)              <10> on input line 3.
LaTeX Font Info:    External font `lmex10' loaded for size
(Font)              <7> on input line 3.
LaTeX Font Info:    External font `lmex10' loaded for size
(Font)              <5> on input line 3.
[3]
LaTeX Font Info:    Font shape `TU/lmtt/bx/n' in size <10> not available
(Font)              Font shape `TU/lmtt/b/n' tried instead on input line 90.
[4] [5])
\tf@toc=\write5
\openout5 = `2020-01-15-brynmawr.toc'.

[6] [7

] [8

]
Chapter 1.

Underfull \hbox (badness 10000) in paragraph at lines 146--148

 []


Underfull \hbox (badness 10000) in paragraph at lines 148--150

 []


Underfull \hbox (badness 10000) in paragraph at lines 150--152

 []


Underfull \hbox (badness 10000) in paragraph at lines 160--162

 []


Underfull \hbox (badness 10000) in paragraph at lines 162--164

 []


Underfull \hbox (badness 10000) in paragraph at lines 164--166

 []


Underfull \hbox (badness 10000) in paragraph at lines 166--168

 []


Underfull \hbox (badness 10000) in paragraph at lines 176--178

 []

[9] [10]
File: ./fig/r+rstudio-analogy.jpg Graphic file (type bmp)
<./fig/r+rstudio-analogy.jpg>

Underfull \hbox (badness 10000) in paragraph at lines 285--287
[][]
 []


Underfull \vbox (badness 10000) has occurred while \output is active []

[11] [12]
File: ./fig/R_00_Rstudio_01.png Graphic file (type bmp)
<./fig/R_00_Rstudio_01.png>

Overfull \hbox (150.01025pt too wide) in paragraph at lines 350--355
\TU/lmr/m/n/10 Let’s take a quick tour of RStudio. []
 []

[13]
File: ./fig/working-directory-structure.png Graphic file (type bmp)
<./fig/working-directory-structure.png>
[14] [15]
Underfull \hbox (badness 2073) in paragraph at lines 518--518
[]\TU/lmr/bx/n/14.4 Installing additional packages using the
 []

[16]
File: ./fig/R_00_Rstudio_03.png Graphic file (type bmp)
<./fig/R_00_Rstudio_03.png>
[17] [18]
Chapter 2.

Underfull \hbox (badness 1082) in paragraph at lines 597--601
\TU/lmr/m/n/10 adapted from: []$[][][][] [] [] [] [][][][][][][][][][][] [] [][
][][][][] [] [][] [] [] [][] [][][][][][] [][] [][][][][][][][][] [] [][] [][] 
[][][][][][][] [][]
 []


Underfull \hbox (badness 10000) in paragraph at lines 623--625

 []


Underfull \hbox (badness 10000) in paragraph at lines 625--627

 []


Underfull \hbox (badness 10000) in paragraph at lines 627--629

 []

File: ./fig/bad_layout.png Graphic file (type bmp)
<./fig/bad_layout.png>

Overfull \hbox (225.24762pt too wide) in paragraph at lines 638--640
[]\TU/lmr/m/n/10 Most people tend to organize their projects like this: [] 
 []

[19

]
Underfull \vbox (badness 4859) has occurred while \output is active []

[20] [21] [22]
Overfull \hbox (37.99997pt too wide) in paragraph at lines 862--862
 []\TU/lmtt/m/n/10 ## -rw-r--r-- 1 ckgon ckgon 22K Jan  3 17:01 data/SAFI_clean
.csv[] 
 []


Overfull \hbox (573.49997pt too wide) in paragraph at lines 895--895
 []\TU/lmtt/m/n/10 ## key_ID,village,interview_date,no_membrs,years_liv,respond
ent_wall_type,rooms,memb_assoc,affect_conflicts,liv_count,items_owned,no_meals,
months_lack_food,instanceID[] 
 []


Overfull \hbox (436.99997pt too wide) in paragraph at lines 895--895
 []\TU/lmtt/m/n/10 ## 1,God,2016-11-17T00:00:00Z,3,4,muddaub,1,NULL,NULL,1,bicy
cle;television;solar_panel;table,2,Jan,uuid:ec241f2c-0609-46ed-b5e8-fe575f6cefe
f[] 
 []


Overfull \hbox (736.24997pt too wide) in paragraph at lines 895--895
 []\TU/lmtt/m/n/10 ## 1,God,2016-11-17T00:00:00Z,7,9, muddaub,1,yes,once,3,cow_
cart;bicycle;radio;cow_plough;solar_panel;solar_torch;table;mobile_phone,2,Jan;
Sept;Oct;Nov;Dec,uuid:099de9c9-3e5e-427b-8452-26250e840d6e[] 
 []


Overfull \hbox (447.49997pt too wide) in paragraph at lines 895--895
 []\TU/lmtt/m/n/10 ## 3,God,2016-11-17T00:00:00Z,10,15, burntbricks,1,NULL,NULL
,1,solar_torch,2,Jan;Feb;Mar;Oct;Nov;Dec,uuid:193d7daf-9582-409b-bf09-027dd36f9
007[] 
 []


Overfull \hbox (599.74997pt too wide) in paragraph at lines 895--895
 []\TU/lmtt/m/n/10 ## 4,God,2016-11-17T00:00:00Z,7,6, burntbricks,1,NULL,NULL,2
,bicycle;radio;cow_plough;solar_panel;mobile_phone,2,Sept;Oct;Nov;Dec,uuid:148d
1105-778a-4755-aa71-281eadd4a973[] 
 []


Overfull \hbox (547.24997pt too wide) in paragraph at lines 895--895
 []\TU/lmtt/m/n/10 ## 5,God,2016-11-17T00:00:00Z,7,40,burntbricks,1,NULL,NULL,4
,motorcyle;radio;cow_plough;mobile_phone,2,Aug;Sept;Oct;Nov,uuid:2c867811-9696-
4966-9866-f35c3e97d02d[] 
 []

[23]
Overfull \hbox (316.24997pt too wide) in paragraph at lines 895--895
 []\TU/lmtt/m/n/10 ## 6,God,2016-11-17T00:00:00Z,3,3,muddaub,1,NULL,NULL,1,NULL
,2,Aug;Sept;Oct,uuid:daa56c91-c8e3-44c3-a663-af6a49a2ca70[] 
 []


Overfull \hbox (352.99997pt too wide) in paragraph at lines 895--895
 []\TU/lmtt/m/n/10 ## 7,God,2016-11-17T00:00:00Z,6,38,muddaub,1,no,never,1,moto
rcyle;cow_plough,3,Nov,uuid:ae20a58d-56f4-43d7-bafa-e7963d850844[] 
 []


Overfull \hbox (736.24997pt too wide) in paragraph at lines 895--895
 []\TU/lmtt/m/n/10 ## 8,Chirodzo,2016-11-16T00:00:00Z,12,70,burntbricks,3,yes,n
ever,2,motorcyle;bicycle;television;radio;cow_plough;solar_panel;solar_torch;ta
ble;fridge,2,Jan,uuid:d6cee930-7be1-4fd9-88c0-82a08f90fb5a[] 
 []


Overfull \hbox (489.49997pt too wide) in paragraph at lines 895--895
 []\TU/lmtt/m/n/10 ## 9,Chirodzo,2016-11-16T00:00:00Z,8,6,burntbricks,1,no,neve
r,3,television;solar_panel;solar_torch,3,Jan;Dec,uuid:846103d2-b1db-4055-b502-9
cd510bb7b37[] 
 []

[24]
Chapter 3.

Underfull \hbox (badness 10000) in paragraph at lines 927--929

 []


Underfull \hbox (badness 10000) in paragraph at lines 929--931

 []


Underfull \hbox (badness 10000) in paragraph at lines 931--934

 []


Underfull \hbox (badness 10000) in paragraph at lines 934--936

 []


Underfull \hbox (badness 10000) in paragraph at lines 936--938

 []


Underfull \hbox (badness 10000) in paragraph at lines 938--940

 []


Underfull \hbox (badness 10000) in paragraph at lines 948--951

 []


Underfull \hbox (badness 10000) in paragraph at lines 951--953

 []


Underfull \hbox (badness 10000) in paragraph at lines 953--955

 []


Underfull \hbox (badness 10000) in paragraph at lines 955--957

 []


Underfull \hbox (badness 10000) in paragraph at lines 957--959

 []

[25

]
Underfull \hbox (badness 10000) in paragraph at lines 959--961

 []


Underfull \hbox (badness 10000) in paragraph at lines 961--963

 []


Underfull \hbox (badness 10000) in paragraph at lines 963--965

 []


Underfull \hbox (badness 10000) in paragraph at lines 973--975

 []


Underfull \hbox (badness 10000) in paragraph at lines 975--977

 []


Underfull \hbox (badness 1584) in paragraph at lines 1031--1058
[]\TU/lmr/m/n/10 Objects can be given any name such as \TU/lmtt/m/n/10 x\TU/lmr
/m/n/10 , \TU/lmtt/m/n/10 current_temperature\TU/lmr/m/n/10 , or
 []

[26] [27]
Underfull \hbox (badness 1033) in paragraph at lines 1150--1155
\TU/lmr/m/n/10 The value of \TU/lmtt/m/n/10 area_acres \TU/lmr/m/n/10 is still 
6.175 because you
 []


Underfull \hbox (badness 10000) in paragraph at lines 1150--1155
\TU/lmr/m/n/10 have not re-run the line \TU/lmtt/m/n/10 area_acres <- 2.47 *
 []


Overfull \hbox (4.38994pt too wide) in paragraph at lines 1150--1155
\TU/lmtt/m/n/10 area_hectares \TU/lmr/m/n/10 since changing the value of \TU/lm
tt/m/n/10 area_hectares\TU/lmr/m/n/10 .
 []


Underfull \vbox (badness 1817) has occurred while \output is active []

[28] [29] [30] [31]
Overfull \hbox (80.25pt too wide) in paragraph at lines 1485--1485
[]\TU/lmtt/m/n/10 ## [1] "car"          "bicycle"      "radio"        "televisi
on"   "mobile_phone"[] 
 []

[32]
Underfull \hbox (badness 10000) in paragraph at lines 1543--1544
[]\TU/lmtt/m/n/10 r  num_char <- c(1, 2, 3, "a")  num_logical <- c(1, 2,
 []


Underfull \hbox (badness 10000) in paragraph at lines 1543--1544
\TU/lmtt/m/n/10 3, TRUE)  char_logical <- c("a", "b", "c", TRUE)  tricky
 []

[33]
Overfull \hbox (33.0pt too wide) in paragraph at lines 1627--1627
[]\TU/lmtt/m/n/10 ## [1] "muddaub"     "burntbricks" "sunbricks"   "burntbricks
" "muddaub"[] 
 []

[34] [35] [36] [37] [38

]
Chapter 4.

Underfull \hbox (badness 10000) in paragraph at lines 1920--1923

 []


Underfull \hbox (badness 10000) in paragraph at lines 1923--1926

 []

[39]
Underfull \vbox (badness 1565) has occurred while \output is active []

[40]
Overfull \hbox (27.75pt too wide) in paragraph at lines 2099--2099
[]\TU/lmtt/m/n/10 ## [1] stats     graphics  grDevices utils     datasets  meth
ods   base[] 
 []


Overfull \hbox (6.75pt too wide) in paragraph at lines 2099--2099
[]\TU/lmtt/m/n/10 ##  [1] lubridate_1.7.4 forcats_0.4.0   stringr_1.4.0   dplyr
_0.8.3[] 
 []

[41]
Overfull \hbox (12.0pt too wide) in paragraph at lines 2099--2099
[]\TU/lmtt/m/n/10 ##  [5] purrr_0.3.3     readr_1.3.1     tidyr_1.0.0     tibbl
e_2.1.3[] 
 []


Overfull \hbox (43.5pt too wide) in paragraph at lines 2099--2099
[]\TU/lmtt/m/n/10 ##  [1] tidyselect_0.2.5 xfun_0.11        haven_2.2.0      la
ttice_0.20-38[] 
 []


Overfull \hbox (43.5pt too wide) in paragraph at lines 2099--2099
[]\TU/lmtt/m/n/10 ##  [5] colorspace_1.4-1 vctrs_0.2.0      generics_0.0.2   ht
mltools_0.4.0[] 
 []


Overfull \hbox (27.75pt too wide) in paragraph at lines 2099--2099
[]\TU/lmtt/m/n/10 ##  [9] yaml_2.2.0       utf8_1.1.4       rlang_0.4.2      pi
llar_1.4.2[] 
 []


Overfull \hbox (27.75pt too wide) in paragraph at lines 2099--2099
[]\TU/lmtt/m/n/10 ## [13] withr_2.1.2      glue_1.3.1       DBI_1.1.0        db
plyr_1.4.2[] 
 []


Overfull \hbox (33.0pt too wide) in paragraph at lines 2099--2099
[]\TU/lmtt/m/n/10 ## [17] modelr_0.1.5     readxl_1.3.1     lifecycle_0.1.0  mu
nsell_0.5.0[] 
 []


Overfull \hbox (33.0pt too wide) in paragraph at lines 2099--2099
[]\TU/lmtt/m/n/10 ## [21] gtable_0.3.0     cellranger_1.1.0 rvest_0.3.5      ev
aluate_0.14[] 
 []


Overfull \hbox (22.5pt too wide) in paragraph at lines 2099--2099
[]\TU/lmtt/m/n/10 ## [25] labeling_0.3     knitr_1.26       fansi_0.4.0      br
oom_0.5.3[] 
 []


Overfull \hbox (27.75pt too wide) in paragraph at lines 2099--2099
[]\TU/lmtt/m/n/10 ## [29] Rcpp_1.0.3       backports_1.1.5  scales_1.1.0     js
onlite_1.6[] 
 []


Overfull \hbox (33.0pt too wide) in paragraph at lines 2099--2099
[]\TU/lmtt/m/n/10 ## [33] farver_2.0.1     fs_1.3.1         hms_0.5.2        di
gest_0.6.23[] 
 []


Overfull \hbox (12.0pt too wide) in paragraph at lines 2099--2099
[]\TU/lmtt/m/n/10 ## [37] stringi_1.4.3    bookdown_0.16    grid_3.6.1       cl
i_2.0.0[] 
 []


Overfull \hbox (27.75pt too wide) in paragraph at lines 2099--2099
[]\TU/lmtt/m/n/10 ## [41] tools_3.6.1      magrittr_1.5     lazyeval_0.2.2   cr
ayon_1.3.4[] 
 []


Overfull \hbox (17.25pt too wide) in paragraph at lines 2099--2099
[]\TU/lmtt/m/n/10 ## [45] pkgconfig_2.0.3  zeallot_0.1.0    ellipsis_0.3.0   xm
l2_1.2.2[] 
 []


Overfull \hbox (17.25pt too wide) in paragraph at lines 2099--2099
[]\TU/lmtt/m/n/10 ## [49] reprex_0.3.0     assertthat_0.2.1 rmarkdown_2.0    ht
tr_1.4.1[] 
 []


Overfull \hbox (38.25pt too wide) in paragraph at lines 2099--2099
[]\TU/lmtt/m/n/10 ## [53] rstudioapi_0.10  R6_2.4.1         nlme_3.1-143     co
mpiler_3.6.1[] 
 []

[42]
Underfull \hbox (badness 1275) in paragraph at lines 2198--2202
[]\TU/lmr/m/n/10 (For more information, scroll to the bottom of the
 []

LaTeX Font Info:    Try loading font information for TS1+lmr on input line 2210
.
("C:\Users\ckgon\AppData\Local\Programs\MiKTeX 2.9\tex/latex/lm\ts1lmr.fd"
File: ts1lmr.fd 2009/10/30 v1.6 Font defs for Latin Modern
) [43] [44]
Chapter 5.

Underfull \hbox (badness 10000) in paragraph at lines 2241--2245
\TU/lmr/m/n/10 adapted from: []$[][][][][] [] [] [] [][][][][][][][][][][][][] 
[] [][][] [] [] [][] [][][][][][][][][] [] [][] [][] [][][][][][][][] [][] [][]
[][] [][]
 []


Underfull \hbox (badness 10000) in paragraph at lines 2251--2253

 []


Underfull \hbox (badness 10000) in paragraph at lines 2253--2255

 []


Underfull \hbox (badness 10000) in paragraph at lines 2255--2257

 []


Underfull \hbox (badness 10000) in paragraph at lines 2257--2259

 []


Underfull \hbox (badness 10000) in paragraph at lines 2259--2261

 []


Underfull \hbox (badness 10000) in paragraph at lines 2269--2271

 []


Underfull \hbox (badness 10000) in paragraph at lines 2271--2273

 []


Underfull \hbox (badness 10000) in paragraph at lines 2273--2275

 []


Underfull \hbox (badness 10000) in paragraph at lines 2275--2277

 []


Underfull \hbox (badness 10000) in paragraph at lines 2277--2279

 []


Underfull \hbox (badness 10000) in paragraph at lines 2279--2281

 []

[45

]
Underfull \hbox (badness 10000) in paragraph at lines 2281--2283

 []


Underfull \hbox (badness 10000) in paragraph at lines 2291--2293

 []


Overfull \hbox (7.29874pt too wide) in paragraph at lines 2314--2316
[]|\TU/lmr/m/n/10 column_name|  
 []


Overfull \hbox (11.21873pt too wide) in paragraph at lines 2332--2334
[]|\TU/lmr/m/n/10 interview_date|  
 []


Overfull \hbox (44.33875pt too wide) in paragraph at lines 2348--2350
[]|\TU/lmr/m/n/10 respondent_wall_type|  
 []


Overfull \hbox (1.27873pt too wide) in paragraph at lines 2358--2360
[]|\TU/lmr/m/n/10 memb_assoc|  
 []


Overfull \hbox (11.50874pt too wide) in paragraph at lines 2363--2365
[]|\TU/lmr/m/n/10 affect_conflicts|  
 []


Overfull \hbox (3.17874pt too wide) in paragraph at lines 2374--2376
[]|\TU/lmr/m/n/10 items_owned|  
 []


Overfull \hbox (28.19875pt too wide) in paragraph at lines 2384--2386
[]|\TU/lmr/m/n/10 months_lack_food|  
 []

[46] [47] [48]
Overfull \hbox (90.75pt too wide) in paragraph at lines 2446--2446
[]\TU/lmtt/m/n/10 ##    key_ID village interview_date      no_membrs years_liv 
respondent_wall… rooms[] 
 []


Overfull \hbox (90.75pt too wide) in paragraph at lines 2446--2446
[]\TU/lmtt/m/n/10 ##     <dbl> <chr>   <dttm>                  <dbl>     <dbl> 
<chr>            <dbl>[] 
 []


Overfull \hbox (90.75pt too wide) in paragraph at lines 2446--2446
[]\TU/lmtt/m/n/10 ##  1      1 God     2016-11-17 00:00:00         3         4 
muddaub              1[] 
 []


Overfull \hbox (90.75pt too wide) in paragraph at lines 2446--2446
[]\TU/lmtt/m/n/10 ##  2      1 God     2016-11-17 00:00:00         7         9 
muddaub              1[] 
 []


Overfull \hbox (90.75pt too wide) in paragraph at lines 2446--2446
[]\TU/lmtt/m/n/10 ##  3      3 God     2016-11-17 00:00:00        10        15 
burntbricks          1[] 
 []


Overfull \hbox (90.75pt too wide) in paragraph at lines 2446--2446
[]\TU/lmtt/m/n/10 ##  4      4 God     2016-11-17 00:00:00         7         6 
burntbricks          1[] 
 []


Overfull \hbox (90.75pt too wide) in paragraph at lines 2446--2446
[]\TU/lmtt/m/n/10 ##  5      5 God     2016-11-17 00:00:00         7        40 
burntbricks          1[] 
 []


Overfull \hbox (90.75pt too wide) in paragraph at lines 2446--2446
[]\TU/lmtt/m/n/10 ##  6      6 God     2016-11-17 00:00:00         3         3 
muddaub              1[] 
 []


Overfull \hbox (90.75pt too wide) in paragraph at lines 2446--2446
[]\TU/lmtt/m/n/10 ##  7      7 God     2016-11-17 00:00:00         6        38 
muddaub              1[] 
 []


Overfull \hbox (90.75pt too wide) in paragraph at lines 2446--2446
[]\TU/lmtt/m/n/10 ##  8      8 Chirod… 2016-11-16 00:00:00        12        70 
burntbricks          3[] 
 []


Overfull \hbox (90.75pt too wide) in paragraph at lines 2446--2446
[]\TU/lmtt/m/n/10 ##  9      9 Chirod… 2016-11-16 00:00:00         8         6 
burntbricks          1[] 
 []


Overfull \hbox (90.75pt too wide) in paragraph at lines 2446--2446
[]\TU/lmtt/m/n/10 ## 10     10 Chirod… 2016-12-16 00:00:00        12        23 
burntbricks          5[] 
 []


Overfull \hbox (1.5pt too wide) in paragraph at lines 2446--2446
[]\TU/lmtt/m/n/10 ## # … with 121 more rows, and 7 more variables: memb_assoc <
chr>,[] 
 []


Overfull \hbox (85.5pt too wide) in paragraph at lines 2446--2446
[]\TU/lmtt/m/n/10 ## #   affect_conflicts <chr>, liv_count <dbl>, items_owned <
chr>, no_meals <dbl>,[] 
 []

File: ./fig/data-frame.png Graphic file (type bmp)
<./fig/data-frame.png>
[49] [50]
Overfull \hbox (75.0pt too wide) in paragraph at lines 2609--2609
[]\TU/lmtt/m/n/10 ##   [1]   1   1   3   4   5   6   7   8   9  10  11  12  13 
 14  15  16  17  18[] 
 []


Overfull \hbox (75.0pt too wide) in paragraph at lines 2609--2609
[]\TU/lmtt/m/n/10 ##  [19]  19  20  21  22  23  24  25  26  27  28  29  30  31 
 32  33  34  35  36[] 
 []


Overfull \hbox (75.0pt too wide) in paragraph at lines 2609--2609
[]\TU/lmtt/m/n/10 ##  [37]  37  38  39  40  41  42  43  44  45  46  47  48  49 
 50  51  52  21  54[] 
 []

[51]
Overfull \hbox (75.0pt too wide) in paragraph at lines 2609--2609
[]\TU/lmtt/m/n/10 ##  [55]  55  56  57  58  59  60  61  62  63  64  65  66  67 
 68  69  70  71 127[] 
 []


Overfull \hbox (75.0pt too wide) in paragraph at lines 2609--2609
[]\TU/lmtt/m/n/10 ##  [73] 133 152 153 155 178 177 180 181 182 186 187 195 196 
197 198 201 202  72[] 
 []


Overfull \hbox (75.0pt too wide) in paragraph at lines 2609--2609
[]\TU/lmtt/m/n/10 ##  [91]  73  76  83  85  89 101 103 102  78  80 104 105 106 
109 110 113 118 125[] 
 []


Overfull \hbox (75.0pt too wide) in paragraph at lines 2609--2609
[]\TU/lmtt/m/n/10 ## [109] 119 115 108 116 117 144 143 150 159 160 165 166 167 
174 175 189 191 192[] 
 []


Overfull \hbox (85.5pt too wide) in paragraph at lines 2666--2666
[]\TU/lmtt/m/n/10 ##   key_ID village interview_date      no_membrs years_liv r
espondent_wall… rooms[] 
 []


Overfull \hbox (85.5pt too wide) in paragraph at lines 2666--2666
[]\TU/lmtt/m/n/10 ##    <dbl> <chr>   <dttm>                  <dbl>     <dbl> <
chr>            <dbl>[] 
 []


Overfull \hbox (85.5pt too wide) in paragraph at lines 2666--2666
[]\TU/lmtt/m/n/10 ## 1      3 God     2016-11-17 00:00:00        10        15 b
urntbricks          1[] 
 []


Overfull \hbox (27.75pt too wide) in paragraph at lines 2666--2666
[]\TU/lmtt/m/n/10 ## # … with 7 more variables: memb_assoc <chr>, affect_confli
cts <chr>,[] 
 []


Overfull \hbox (85.5pt too wide) in paragraph at lines 2666--2666
[]\TU/lmtt/m/n/10 ## #   liv_count <dbl>, items_owned <chr>, no_meals <dbl>, mo
nths_lack_food <chr>,[] 
 []

[52]
Overfull \hbox (54.0pt too wide) in paragraph at lines 2705--2705
[]\TU/lmtt/m/n/10 ##    village interview_date      no_membrs years_liv respond
ent_wall… rooms[] 
 []


Overfull \hbox (54.0pt too wide) in paragraph at lines 2705--2705
[]\TU/lmtt/m/n/10 ##    <chr>   <dttm>                  <dbl>     <dbl> <chr>  
          <dbl>[] 
 []


Overfull \hbox (54.0pt too wide) in paragraph at lines 2705--2705
[]\TU/lmtt/m/n/10 ##  1 God     2016-11-17 00:00:00         3         4 muddaub
              1[] 
 []


Overfull \hbox (54.0pt too wide) in paragraph at lines 2705--2705
[]\TU/lmtt/m/n/10 ##  2 God     2016-11-17 00:00:00         7         9 muddaub
              1[] 
 []


Overfull \hbox (54.0pt too wide) in paragraph at lines 2705--2705
[]\TU/lmtt/m/n/10 ##  3 God     2016-11-17 00:00:00        10        15 burntbr
icks          1[] 
 []


Overfull \hbox (54.0pt too wide) in paragraph at lines 2705--2705
[]\TU/lmtt/m/n/10 ##  4 God     2016-11-17 00:00:00         7         6 burntbr
icks          1[] 
 []


Overfull \hbox (54.0pt too wide) in paragraph at lines 2705--2705
[]\TU/lmtt/m/n/10 ##  5 God     2016-11-17 00:00:00         7        40 burntbr
icks          1[] 
 []


Overfull \hbox (54.0pt too wide) in paragraph at lines 2705--2705
[]\TU/lmtt/m/n/10 ##  6 God     2016-11-17 00:00:00         3         3 muddaub
              1[] 
 []


Overfull \hbox (54.0pt too wide) in paragraph at lines 2705--2705
[]\TU/lmtt/m/n/10 ##  7 God     2016-11-17 00:00:00         6        38 muddaub
              1[] 
 []


Overfull \hbox (54.0pt too wide) in paragraph at lines 2705--2705
[]\TU/lmtt/m/n/10 ##  8 Chirod… 2016-11-16 00:00:00        12        70 burntbr
icks          3[] 
 []


Overfull \hbox (54.0pt too wide) in paragraph at lines 2705--2705
[]\TU/lmtt/m/n/10 ##  9 Chirod… 2016-11-16 00:00:00         8         6 burntbr
icks          1[] 
 []


Overfull \hbox (54.0pt too wide) in paragraph at lines 2705--2705
[]\TU/lmtt/m/n/10 ## 10 Chirod… 2016-12-16 00:00:00        12        23 burntbr
icks          5[] 
 []


Overfull \hbox (1.5pt too wide) in paragraph at lines 2705--2705
[]\TU/lmtt/m/n/10 ## # … with 121 more rows, and 7 more variables: memb_assoc <
chr>,[] 
 []


Overfull \hbox (85.5pt too wide) in paragraph at lines 2705--2705
[]\TU/lmtt/m/n/10 ## #   affect_conflicts <chr>, liv_count <dbl>, items_owned <
chr>, no_meals <dbl>,[] 
 []


Overfull \hbox (85.5pt too wide) in paragraph at lines 2726--2726
[]\TU/lmtt/m/n/10 ##   key_ID village interview_date      no_membrs years_liv r
espondent_wall… rooms[] 
 []


Overfull \hbox (85.5pt too wide) in paragraph at lines 2726--2726
[]\TU/lmtt/m/n/10 ##    <dbl> <chr>   <dttm>                  <dbl>     <dbl> <
chr>            <dbl>[] 
 []


Overfull \hbox (85.5pt too wide) in paragraph at lines 2726--2726
[]\TU/lmtt/m/n/10 ## 1      1 God     2016-11-17 00:00:00         3         4 m
uddaub              1[] 
 []


Overfull \hbox (85.5pt too wide) in paragraph at lines 2726--2726
[]\TU/lmtt/m/n/10 ## 2      1 God     2016-11-17 00:00:00         7         9 m
uddaub              1[] 
 []


Overfull \hbox (85.5pt too wide) in paragraph at lines 2726--2726
[]\TU/lmtt/m/n/10 ## 3      3 God     2016-11-17 00:00:00        10        15 b
urntbricks          1[] 
 []


Overfull \hbox (85.5pt too wide) in paragraph at lines 2726--2726
[]\TU/lmtt/m/n/10 ## 4      4 God     2016-11-17 00:00:00         7         6 b
urntbricks          1[] 
 []


Overfull \hbox (85.5pt too wide) in paragraph at lines 2726--2726
[]\TU/lmtt/m/n/10 ## 5      5 God     2016-11-17 00:00:00         7        40 b
urntbricks          1[] 
 []


Overfull \hbox (85.5pt too wide) in paragraph at lines 2726--2726
[]\TU/lmtt/m/n/10 ## 6      6 God     2016-11-17 00:00:00         3         3 m
uddaub              1[] 
 []


Overfull \hbox (27.75pt too wide) in paragraph at lines 2726--2726
[]\TU/lmtt/m/n/10 ## # … with 7 more variables: memb_assoc <chr>, affect_confli
cts <chr>,[] 
 []


Overfull \hbox (85.5pt too wide) in paragraph at lines 2726--2726
[]\TU/lmtt/m/n/10 ## #   liv_count <dbl>, items_owned <chr>, no_meals <dbl>, mo
nths_lack_food <chr>,[] 
 []

[53] [54] [55]
Overfull \hbox (29.19002pt too wide) in paragraph at lines 2984--2987
[]\TU/lmr/m/n/10 We convert these levels to numeric values using \TU/lmtt/m/n/1
0 as.numeric(levels(year_fct)) 
 []

[56]
Overfull \hbox (85.5pt too wide) in paragraph at lines 3022--3022
[]\TU/lmtt/m/n/10 ##   [1] <NA> yes  <NA> <NA> <NA> <NA> no   yes  no   no   <N
A> yes  no   <NA> yes[] 
 []


Overfull \hbox (90.75pt too wide) in paragraph at lines 3022--3022
[]\TU/lmtt/m/n/10 ##  [16] <NA> <NA> <NA> <NA> <NA> no   <NA> <NA> no   no   no
   <NA> no   yes  <NA>[] 
 []


Overfull \hbox (80.25pt too wide) in paragraph at lines 3022--3022
[]\TU/lmtt/m/n/10 ##  [31] <NA> yes  no   yes  yes  yes  <NA> yes  <NA> yes  <N
A> no   no   <NA> no[] 
 []


Overfull \hbox (80.25pt too wide) in paragraph at lines 3022--3022
[]\TU/lmtt/m/n/10 ##  [46] no   yes  <NA> <NA> yes  <NA> no   yes  no   <NA> ye
s  no   no   <NA> no[] 
 []


Overfull \hbox (90.75pt too wide) in paragraph at lines 3022--3022
[]\TU/lmtt/m/n/10 ##  [61] yes  <NA> <NA> <NA> no   yes  no   no   no   no   ye
s  <NA> no   yes  <NA>[] 
 []


Overfull \hbox (85.5pt too wide) in paragraph at lines 3022--3022
[]\TU/lmtt/m/n/10 ##  [76] <NA> yes  no   no   yes  no   no   yes  no   yes  no
   no   <NA> yes  yes[] 
 []


Overfull \hbox (80.25pt too wide) in paragraph at lines 3022--3022
[]\TU/lmtt/m/n/10 ##  [91] yes  yes  yes  no   no   no   no   yes  no   no   ye
s  yes  no   <NA> no[] 
 []


Overfull \hbox (80.25pt too wide) in paragraph at lines 3022--3022
[]\TU/lmtt/m/n/10 ## [106] no   <NA> no   no   <NA> no   <NA> <NA> no   no   no
   no   yes  no   no[] 
 []

File: 2020-01-15-brynmawr_files/figure-latex/factor-plot-default-order-1.pdf Gr
aphic file (type pdf)
<use 2020-01-15-brynmawr_files/figure-latex/factor-plot-default-order-1.pdf>
[57]
Overfull \hbox (38.25pt too wide) in paragraph at lines 3083--3083
[]\TU/lmtt/m/n/10 ##   [1] undetermined yes          undetermined undetermined 
undetermined[] 
 []


Overfull \hbox (38.25pt too wide) in paragraph at lines 3083--3083
[]\TU/lmtt/m/n/10 ##  [16] undetermined undetermined undetermined undetermined 
undetermined[] 
 []


Overfull \hbox (38.25pt too wide) in paragraph at lines 3083--3083
[]\TU/lmtt/m/n/10 ##  [26] no           undetermined no           yes          
undetermined[] 
 []


Overfull \hbox (38.25pt too wide) in paragraph at lines 3083--3083
[]\TU/lmtt/m/n/10 ##  [51] undetermined no           yes          no           
undetermined[] 
 []


Overfull \hbox (38.25pt too wide) in paragraph at lines 3083--3083
[]\TU/lmtt/m/n/10 ##  [71] yes          undetermined no           yes          
undetermined[] 
 []


Overfull \hbox (38.25pt too wide) in paragraph at lines 3083--3083
[]\TU/lmtt/m/n/10 ## [106] no           undetermined no           no           
undetermined[] 
 []

File: 2020-01-15-brynmawr_files/figure-latex/factor-plot-reorder-1.pdf Graphic 
file (type pdf)
<use 2020-01-15-brynmawr_files/figure-latex/factor-plot-reorder-1.pdf>

Underfull \vbox (badness 10000) has occurred while \output is active []

[58]
File: 2020-01-15-brynmawr_files/figure-latex/factor-plot-exercise-1.pdf Graphic
 file (type pdf)
<use 2020-01-15-brynmawr_files/figure-latex/factor-plot-exercise-1.pdf>

Underfull \vbox (badness 10000) has occurred while \output is active []

[59] [60]
Overfull \hbox (159.0pt too wide) in paragraph at lines 3179--3179
[]\TU/lmtt/m/n/10 ##  POSIXct[1:131], format: "2016-11-17" "2016-11-17" "2016-1
1-17" "2016-11-17" "2016-11-17" ...[] 
 []


Overfull \hbox (90.75pt too wide) in paragraph at lines 3214--3214
[]\TU/lmtt/m/n/10 ##    key_ID village interview_date      no_membrs years_liv 
respondent_wall… rooms[] 
 []


Overfull \hbox (90.75pt too wide) in paragraph at lines 3214--3214
[]\TU/lmtt/m/n/10 ##     <dbl> <chr>   <dttm>                  <dbl>     <dbl> 
<chr>            <dbl>[] 
 []


Overfull \hbox (90.75pt too wide) in paragraph at lines 3214--3214
[]\TU/lmtt/m/n/10 ##  1      1 God     2016-11-17 00:00:00         3         4 
muddaub              1[] 
 []


Overfull \hbox (90.75pt too wide) in paragraph at lines 3214--3214
[]\TU/lmtt/m/n/10 ##  2      1 God     2016-11-17 00:00:00         7         9 
muddaub              1[] 
 []


Overfull \hbox (90.75pt too wide) in paragraph at lines 3214--3214
[]\TU/lmtt/m/n/10 ##  3      3 God     2016-11-17 00:00:00        10        15 
burntbricks          1[] 
 []


Overfull \hbox (90.75pt too wide) in paragraph at lines 3214--3214
[]\TU/lmtt/m/n/10 ##  4      4 God     2016-11-17 00:00:00         7         6 
burntbricks          1[] 
 []


Overfull \hbox (90.75pt too wide) in paragraph at lines 3214--3214
[]\TU/lmtt/m/n/10 ##  5      5 God     2016-11-17 00:00:00         7        40 
burntbricks          1[] 
 []


Overfull \hbox (90.75pt too wide) in paragraph at lines 3214--3214
[]\TU/lmtt/m/n/10 ##  6      6 God     2016-11-17 00:00:00         3         3 
muddaub              1[] 
 []


Overfull \hbox (90.75pt too wide) in paragraph at lines 3214--3214
[]\TU/lmtt/m/n/10 ##  7      7 God     2016-11-17 00:00:00         6        38 
muddaub              1[] 
 []


Overfull \hbox (90.75pt too wide) in paragraph at lines 3214--3214
[]\TU/lmtt/m/n/10 ##  8      8 Chirod… 2016-11-16 00:00:00        12        70 
burntbricks          3[] 
 []


Overfull \hbox (90.75pt too wide) in paragraph at lines 3214--3214
[]\TU/lmtt/m/n/10 ##  9      9 Chirod… 2016-11-16 00:00:00         8         6 
burntbricks          1[] 
 []


Overfull \hbox (90.75pt too wide) in paragraph at lines 3214--3214
[]\TU/lmtt/m/n/10 ## 10     10 Chirod… 2016-12-16 00:00:00        12        23 
burntbricks          5[] 
 []


Overfull \hbox (6.75pt too wide) in paragraph at lines 3214--3214
[]\TU/lmtt/m/n/10 ## # … with 121 more rows, and 10 more variables: memb_assoc 
<chr>,[] 
 []


Overfull \hbox (85.5pt too wide) in paragraph at lines 3214--3214
[]\TU/lmtt/m/n/10 ## #   affect_conflicts <chr>, liv_count <dbl>, items_owned <
chr>, no_meals <dbl>,[] 
 []


Overfull \hbox (33.0pt too wide) in paragraph at lines 3214--3214
[]\TU/lmtt/m/n/10 ## #   months_lack_food <chr>, instanceID <chr>, day <int>, m
onth <dbl>,[] 
 []

[61] [62

]
Chapter 6.
LaTeX Font Info:    Font shape `TU/lmtt/bx/n' in size <24.88> not available
(Font)              Font shape `TU/lmtt/b/n' tried instead on input line 3219.

Underfull \hbox (badness 10000) in paragraph at lines 3231--3233

 []


Underfull \hbox (badness 10000) in paragraph at lines 3233--3235

 []


Underfull \hbox (badness 10000) in paragraph at lines 3235--3238

 []


Underfull \hbox (badness 10000) in paragraph at lines 3246--3249

 []


Underfull \hbox (badness 10000) in paragraph at lines 3249--3252

 []


Underfull \hbox (badness 10000) in paragraph at lines 3252--3255

 []


Underfull \hbox (badness 10000) in paragraph at lines 3255--3259

 []


Underfull \hbox (badness 10000) in paragraph at lines 3259--3262

 []


Underfull \hbox (badness 10000) in paragraph at lines 3262--3264

 []

[63]
Underfull \hbox (badness 10000) in paragraph at lines 3264--3268

 []


Underfull \hbox (badness 10000) in paragraph at lines 3271--3273

 []


Underfull \hbox (badness 10000) in paragraph at lines 3273--3277

 []


Underfull \hbox (badness 10000) in paragraph at lines 3285--3287

 []


Underfull \hbox (badness 10000) in paragraph at lines 3287--3289

 []


Underfull \hbox (badness 10000) in paragraph at lines 3289--3291

 []


Underfull \hbox (badness 10000) in paragraph at lines 3291--3294

 []


Underfull \hbox (badness 10000) in paragraph at lines 3294--3296

 []


Underfull \hbox (badness 10000) in paragraph at lines 3296--3298

 []


Underfull \hbox (badness 10000) in paragraph at lines 3298--3300

 []

LaTeX Font Info:    Font shape `TU/lmtt/bx/n' in size <14.4> not available
(Font)              Font shape `TU/lmtt/b/n' tried instead on input line 3305.

Underfull \vbox (badness 10000) has occurred while \output is active []

[64] [65]
Overfull \hbox (90.75pt too wide) in paragraph at lines 3441--3441
[]\TU/lmtt/m/n/10 ##    key_ID village interview_date      no_membrs years_liv 
respondent_wall… rooms[] 
 []


Overfull \hbox (90.75pt too wide) in paragraph at lines 3441--3441
[]\TU/lmtt/m/n/10 ##     <dbl> <chr>   <dttm>                  <dbl>     <dbl> 
<chr>            <dbl>[] 
 []


Overfull \hbox (90.75pt too wide) in paragraph at lines 3441--3441
[]\TU/lmtt/m/n/10 ##  1      1 God     2016-11-17 00:00:00         3         4 
muddaub              1[] 
 []


Overfull \hbox (90.75pt too wide) in paragraph at lines 3441--3441
[]\TU/lmtt/m/n/10 ##  2      1 God     2016-11-17 00:00:00         7         9 
muddaub              1[] 
 []


Overfull \hbox (90.75pt too wide) in paragraph at lines 3441--3441
[]\TU/lmtt/m/n/10 ##  3      3 God     2016-11-17 00:00:00        10        15 
burntbricks          1[] 
 []


Overfull \hbox (90.75pt too wide) in paragraph at lines 3441--3441
[]\TU/lmtt/m/n/10 ##  4      4 God     2016-11-17 00:00:00         7         6 
burntbricks          1[] 
 []


Overfull \hbox (90.75pt too wide) in paragraph at lines 3441--3441
[]\TU/lmtt/m/n/10 ##  5      5 God     2016-11-17 00:00:00         7        40 
burntbricks          1[] 
 []


Overfull \hbox (90.75pt too wide) in paragraph at lines 3441--3441
[]\TU/lmtt/m/n/10 ##  6      6 God     2016-11-17 00:00:00         3         3 
muddaub              1[] 
 []


Overfull \hbox (90.75pt too wide) in paragraph at lines 3441--3441
[]\TU/lmtt/m/n/10 ##  7      7 God     2016-11-17 00:00:00         6        38 
muddaub              1[] 
 []


Overfull \hbox (90.75pt too wide) in paragraph at lines 3441--3441
[]\TU/lmtt/m/n/10 ##  8     11 God     2016-11-21 00:00:00         6        20 
sunbricks            1[] 
 []


Overfull \hbox (90.75pt too wide) in paragraph at lines 3441--3441
[]\TU/lmtt/m/n/10 ##  9     12 God     2016-11-21 00:00:00         7        20 
burntbricks          3[] 
 []


Overfull \hbox (90.75pt too wide) in paragraph at lines 3441--3441
[]\TU/lmtt/m/n/10 ## 10     13 God     2016-11-21 00:00:00         6         8 
burntbricks          1[] 
 []


Overfull \hbox (85.5pt too wide) in paragraph at lines 3441--3441
[]\TU/lmtt/m/n/10 ## #   affect_conflicts <chr>, liv_count <dbl>, items_owned <
chr>, no_meals <dbl>,[] 
 []

[66] [67] [68]
Overfull \hbox (90.75pt too wide) in paragraph at lines 3632--3632
[]\TU/lmtt/m/n/10 ##    key_ID village interview_date      no_membrs years_liv 
respondent_wall… rooms[] 
 []


Overfull \hbox (90.75pt too wide) in paragraph at lines 3632--3632
[]\TU/lmtt/m/n/10 ##     <dbl> <chr>   <dttm>                  <dbl>     <dbl> 
<chr>            <dbl>[] 
 []


Overfull \hbox (90.75pt too wide) in paragraph at lines 3632--3632
[]\TU/lmtt/m/n/10 ##  1      1 God     2016-11-17 00:00:00         3         4 
muddaub              1[] 
 []


Overfull \hbox (90.75pt too wide) in paragraph at lines 3632--3632
[]\TU/lmtt/m/n/10 ##  2      1 God     2016-11-17 00:00:00         7         9 
muddaub              1[] 
 []


Overfull \hbox (90.75pt too wide) in paragraph at lines 3632--3632
[]\TU/lmtt/m/n/10 ##  3      3 God     2016-11-17 00:00:00        10        15 
burntbricks          1[] 
 []


Overfull \hbox (90.75pt too wide) in paragraph at lines 3632--3632
[]\TU/lmtt/m/n/10 ##  4      4 God     2016-11-17 00:00:00         7         6 
burntbricks          1[] 
 []


Overfull \hbox (90.75pt too wide) in paragraph at lines 3632--3632
[]\TU/lmtt/m/n/10 ##  5      5 God     2016-11-17 00:00:00         7        40 
burntbricks          1[] 
 []


Overfull \hbox (90.75pt too wide) in paragraph at lines 3632--3632
[]\TU/lmtt/m/n/10 ##  6      6 God     2016-11-17 00:00:00         3         3 
muddaub              1[] 
 []


Overfull \hbox (90.75pt too wide) in paragraph at lines 3632--3632
[]\TU/lmtt/m/n/10 ##  7      7 God     2016-11-17 00:00:00         6        38 
muddaub              1[] 
 []


Overfull \hbox (90.75pt too wide) in paragraph at lines 3632--3632
[]\TU/lmtt/m/n/10 ##  8      8 Chirod… 2016-11-16 00:00:00        12        70 
burntbricks          3[] 
 []


Overfull \hbox (90.75pt too wide) in paragraph at lines 3632--3632
[]\TU/lmtt/m/n/10 ##  9      9 Chirod… 2016-11-16 00:00:00         8         6 
burntbricks          1[] 
 []


Overfull \hbox (90.75pt too wide) in paragraph at lines 3632--3632
[]\TU/lmtt/m/n/10 ## 10     10 Chirod… 2016-12-16 00:00:00        12        23 
burntbricks          5[] 
 []


Overfull \hbox (1.5pt too wide) in paragraph at lines 3632--3632
[]\TU/lmtt/m/n/10 ## # … with 121 more rows, and 8 more variables: memb_assoc <
chr>,[] 
 []


Overfull \hbox (85.5pt too wide) in paragraph at lines 3632--3632
[]\TU/lmtt/m/n/10 ## #   affect_conflicts <chr>, liv_count <dbl>, items_owned <
chr>, no_meals <dbl>,[] 
 []


Overfull \hbox (22.5pt too wide) in paragraph at lines 3632--3632
[]\TU/lmtt/m/n/10 ## #   months_lack_food <chr>, instanceID <chr>, people_per_r
oom <dbl>[] 
 []

[69]
Overfull \hbox (90.75pt too wide) in paragraph at lines 3668--3668
[]\TU/lmtt/m/n/10 ##    key_ID village interview_date      no_membrs years_liv 
respondent_wall… rooms[] 
 []


Overfull \hbox (90.75pt too wide) in paragraph at lines 3668--3668
[]\TU/lmtt/m/n/10 ##     <dbl> <chr>   <dttm>                  <dbl>     <dbl> 
<chr>            <dbl>[] 
 []


Overfull \hbox (90.75pt too wide) in paragraph at lines 3668--3668
[]\TU/lmtt/m/n/10 ##  1      1 God     2016-11-17 00:00:00         7         9 
muddaub              1[] 
 []


Overfull \hbox (90.75pt too wide) in paragraph at lines 3668--3668
[]\TU/lmtt/m/n/10 ##  2      7 God     2016-11-17 00:00:00         6        38 
muddaub              1[] 
 []


Overfull \hbox (90.75pt too wide) in paragraph at lines 3668--3668
[]\TU/lmtt/m/n/10 ##  3      8 Chirod… 2016-11-16 00:00:00        12        70 
burntbricks          3[] 
 []


Overfull \hbox (90.75pt too wide) in paragraph at lines 3668--3668
[]\TU/lmtt/m/n/10 ##  4      9 Chirod… 2016-11-16 00:00:00         8         6 
burntbricks          1[] 
 []


Overfull \hbox (90.75pt too wide) in paragraph at lines 3668--3668
[]\TU/lmtt/m/n/10 ##  5     10 Chirod… 2016-12-16 00:00:00        12        23 
burntbricks          5[] 
 []


Overfull \hbox (90.75pt too wide) in paragraph at lines 3668--3668
[]\TU/lmtt/m/n/10 ##  6     12 God     2016-11-21 00:00:00         7        20 
burntbricks          3[] 
 []


Overfull \hbox (90.75pt too wide) in paragraph at lines 3668--3668
[]\TU/lmtt/m/n/10 ##  7     13 God     2016-11-21 00:00:00         6         8 
burntbricks          1[] 
 []


Overfull \hbox (90.75pt too wide) in paragraph at lines 3668--3668
[]\TU/lmtt/m/n/10 ##  8     15 God     2016-11-21 00:00:00         5        30 
sunbricks            2[] 
 []


Overfull \hbox (90.75pt too wide) in paragraph at lines 3668--3668
[]\TU/lmtt/m/n/10 ##  9     21 God     2016-11-21 00:00:00         8        20 
burntbricks          1[] 
 []


Overfull \hbox (90.75pt too wide) in paragraph at lines 3668--3668
[]\TU/lmtt/m/n/10 ## 10     24 Ruaca   2016-11-21 00:00:00         6         4 
burntbricks          2[] 
 []


Overfull \hbox (85.5pt too wide) in paragraph at lines 3668--3668
[]\TU/lmtt/m/n/10 ## #   affect_conflicts <chr>, liv_count <dbl>, items_owned <
chr>, no_meals <dbl>,[] 
 []


Overfull \hbox (22.5pt too wide) in paragraph at lines 3668--3668
[]\TU/lmtt/m/n/10 ## #   months_lack_food <chr>, instanceID <chr>, people_per_r
oom <dbl>[] 
 []

[70] [71] [72] [73] [74]
Overfull \hbox (27.49997pt too wide) in paragraph at lines 3987--3987
 []\TU/lmtt/m/n/10 ##   village  mean_no_membrs min_no_membrs max_no_membrs    
 n[] 
 []


Overfull \hbox (27.49997pt too wide) in paragraph at lines 3987--3987
 []\TU/lmtt/m/n/10 ##   <chr>             <dbl>         <dbl>         <dbl> <in
t>[] 
 []


Overfull \hbox (27.49997pt too wide) in paragraph at lines 3987--3987
 []\TU/lmtt/m/n/10 ## 1 Chirodzo           7.08             2            12    
39[] 
 []


Overfull \hbox (27.49997pt too wide) in paragraph at lines 3987--3987
 []\TU/lmtt/m/n/10 ## 2 God                6.86             3            15    
43[] 
 []


Overfull \hbox (27.49997pt too wide) in paragraph at lines 3987--3987
 []\TU/lmtt/m/n/10 ## 3 Ruaca              7.57             2            19    
49[] 
 []


Underfull \vbox (badness 1701) has occurred while \output is active []

[75]
Underfull \hbox (badness 2376) in paragraph at lines 4062--4068
\TU/lmr/m/n/10 of values of variables associated with each housing material (e.
g. for
 []

[76]
File: ./fig/long_to_wide.png Graphic file (type bmp)
<./fig/long_to_wide.png>
[77]
File: ./fig/wide_to_long.png Graphic file (type bmp)
<./fig/wide_to_long.png>
[78]
Underfull \hbox (badness 1953) in paragraph at lines 4269--4274
[]\TU/lmr/m/n/10 Then we use the new function \TU/lmtt/m/n/10 separate_rows() \
TU/lmr/m/n/10 to split the column
 []

[79]
Underfull \hbox (badness 4316) in paragraph at lines 4293--4296
[]\TU/lmr/m/n/10 View the \TU/lmtt/m/n/10 interviews_items_owned \TU/lmr/m/n/10
 data frame. It should have \TU/lmtt/m/n/10 r
 []


Underfull \hbox (badness 1062) in paragraph at lines 4293--4296
\TU/lmtt/m/n/10 nrow(interviews) \TU/lmr/m/n/10 rows (the same number of rows y
ou had originally),
 []


Underfull \hbox (badness 2460) in paragraph at lines 4297--4300
[]\TU/lmr/m/n/10 You may notice that the last column in called \TU/lmtt/m/n/10 
\\TU/lmr/m/n/10 ‘\TU/lmtt/m/n/10 . This is because
 []


Underfull \hbox (badness 10000) in paragraph at lines 4297--4300
\TU/lmtt/m/n/10 the respondents did not own any of the items that was in the
 []


Underfull \hbox (badness 2828) in paragraph at lines 4297--4300
\TU/lmtt/m/n/10 interviewer[]s list. We can use the\TU/lmr/m/n/10 rename()‘ fun
ction to change this
 []

[80]
Overfull \hbox (12.89998pt too wide) in paragraph at lines 4359--4363
[]\TU/lmr/m/n/10 Create a new data frame (named \TU/lmtt/m/n/10 interviews_mont
hs_lack_food\TU/lmr/m/n/10 )
 []


Underfull \vbox (badness 2197) has occurred while \output is active []

[81] [82]
Chapter 7.

Underfull \hbox (badness 10000) in paragraph at lines 4480--4482

 []


Underfull \hbox (badness 10000) in paragraph at lines 4482--4484

 []


Underfull \hbox (badness 10000) in paragraph at lines 4484--4487

 []


Underfull \hbox (badness 10000) in paragraph at lines 4495--4497

 []


Underfull \hbox (badness 10000) in paragraph at lines 4497--4499

 []


Underfull \hbox (badness 10000) in paragraph at lines 4499--4501

 []


Underfull \hbox (badness 10000) in paragraph at lines 4501--4504

 []


Underfull \hbox (badness 10000) in paragraph at lines 4512--4515

 []

[83

]
Underfull \hbox (badness 10000) in paragraph at lines 4515--4518

 []


Underfull \hbox (badness 10000) in paragraph at lines 4518--4521

 []


Underfull \hbox (badness 10000) in paragraph at lines 4521--4524

 []


Underfull \hbox (badness 10000) in paragraph at lines 4524--4526

 []


Underfull \vbox (badness 10000) has occurred while \output is active []

[84]
Overfull \hbox (17.25pt too wide) in paragraph at lines 4598--4598
[]\TU/lmtt/m/n/10 ggplot(data = <DATA>, mapping = aes(<MAPPINGS>)) +  <GEOM_FUN
CTION>()[] 
 []

File: 2020-01-15-brynmawr_files/figure-latex/first-ggplot-1.pdf Graphic file (t
ype pdf)
<use 2020-01-15-brynmawr_files/figure-latex/first-ggplot-1.pdf>

Underfull \vbox (badness 2237) has occurred while \output is active []

LaTeX Font Info:    Font shape `TU/lmtt/bx/sl' in size <10> not available
(Font)              Font shape `TU/lmtt/b/sl' tried instead on input line 4653.

[85] [86]
File: 2020-01-15-brynmawr_files/figure-latex/create-ggplot-object-1.pdf Graphic
 file (type pdf)
<use 2020-01-15-brynmawr_files/figure-latex/create-ggplot-object-1.pdf>
File: 2020-01-15-brynmawr_files/figure-latex/adding-transparency-1.pdf Graphic 
file (type pdf)
<use 2020-01-15-brynmawr_files/figure-latex/adding-transparency-1.pdf>

Underfull \vbox (badness 10000) has occurred while \output is active []

[87]
File: 2020-01-15-brynmawr_files/figure-latex/adding-jitter-1.pdf Graphic file (
type pdf)
<use 2020-01-15-brynmawr_files/figure-latex/adding-jitter-1.pdf>

Underfull \vbox (badness 10000) has occurred while \output is active []

[88]
File: 2020-01-15-brynmawr_files/figure-latex/adding-colors-1.pdf Graphic file (
type pdf)
<use 2020-01-15-brynmawr_files/figure-latex/adding-colors-1.pdf>

Underfull \vbox (badness 3977) has occurred while \output is active []

[89]
File: 2020-01-15-brynmawr_files/figure-latex/color-by-species-1.pdf Graphic fil
e (type pdf)
<use 2020-01-15-brynmawr_files/figure-latex/color-by-species-1.pdf>
[90]
File: 2020-01-15-brynmawr_files/figure-latex/scatter-challenge-1.pdf Graphic fi
le (type pdf)
<use 2020-01-15-brynmawr_files/figure-latex/scatter-challenge-1.pdf>
File: 2020-01-15-brynmawr_files/figure-latex/boxplot-1.pdf Graphic file (type p
df)
<use 2020-01-15-brynmawr_files/figure-latex/boxplot-1.pdf>

Underfull \vbox (badness 10000) has occurred while \output is active []

[91]
File: 2020-01-15-brynmawr_files/figure-latex/boxplot-with-points-1.pdf Graphic 
file (type pdf)
<use 2020-01-15-brynmawr_files/figure-latex/boxplot-with-points-1.pdf>

Underfull \vbox (badness 10000) has occurred while \output is active []

[92]
File: 2020-01-15-brynmawr_files/figure-latex/violin-plot-1.pdf Graphic file (ty
pe pdf)
<use 2020-01-15-brynmawr_files/figure-latex/violin-plot-1.pdf>

Underfull \vbox (badness 2460) has occurred while \output is active []

[93]
File: 2020-01-15-brynmawr_files/figure-latex/boxplot-exercise-1.pdf Graphic fil
e (type pdf)
<use 2020-01-15-brynmawr_files/figure-latex/boxplot-exercise-1.pdf>
[94]
File: 2020-01-15-brynmawr_files/figure-latex/boxplot-exercise-factor-1.pdf Grap
hic file (type pdf)
<use 2020-01-15-brynmawr_files/figure-latex/boxplot-exercise-factor-1.pdf>
File: 2020-01-15-brynmawr_files/figure-latex/barplot-1-1.pdf Graphic file (type
 pdf)
<use 2020-01-15-brynmawr_files/figure-latex/barplot-1-1.pdf>

Underfull \vbox (badness 10000) has occurred while \output is active []

[95]
File: 2020-01-15-brynmawr_files/figure-latex/barplot-stack-1.pdf Graphic file (
type pdf)
<use 2020-01-15-brynmawr_files/figure-latex/barplot-stack-1.pdf>
[96]
File: 2020-01-15-brynmawr_files/figure-latex/barplot-dodge-1.pdf Graphic file (
type pdf)
<use 2020-01-15-brynmawr_files/figure-latex/barplot-dodge-1.pdf>
[97]
File: 2020-01-15-brynmawr_files/figure-latex/barplot-wall-type-1.pdf Graphic fi
le (type pdf)
<use 2020-01-15-brynmawr_files/figure-latex/barplot-wall-type-1.pdf>

Underfull \hbox (badness 1389) in paragraph at lines 4994--4999
\TU/lmr/m/n/10 Create a bar plot showing the proportion of respondents in
 []

File: 2020-01-15-brynmawr_files/figure-latex/barplot-memb-assoc-1.pdf Graphic f
ile (type pdf)
<use 2020-01-15-brynmawr_files/figure-latex/barplot-memb-assoc-1.pdf>
[98]
File: 2020-01-15-brynmawr_files/figure-latex/barplot-wall-types-labeled-1.pdf G
raphic file (type pdf)
<use 2020-01-15-brynmawr_files/figure-latex/barplot-wall-types-labeled-1.pdf>

Underfull \vbox (badness 10000) has occurred while \output is active []

[99]
File: 2020-01-15-brynmawr_files/figure-latex/barplot-faceting-1.pdf Graphic fil
e (type pdf)
<use 2020-01-15-brynmawr_files/figure-latex/barplot-faceting-1.pdf>

Underfull \vbox (badness 10000) has occurred while \output is active []

[100]
File: 2020-01-15-brynmawr_files/figure-latex/barplot-theme-bw-1.pdf Graphic fil
e (type pdf)
<use 2020-01-15-brynmawr_files/figure-latex/barplot-theme-bw-1.pdf>

Underfull \vbox (badness 10000) has occurred while \output is active []

[101] [102]
File: 2020-01-15-brynmawr_files/figure-latex/percent-items-barplot-1.pdf Graphi
c file (type pdf)
<use 2020-01-15-brynmawr_files/figure-latex/percent-items-barplot-1.pdf>

Underfull \hbox (badness 2189) in paragraph at lines 5138--5146
\TU/lmr/m/n/10 at []$[][][][] [] [] [] [][][][] [] [][][][][][][] [] [][][] [] 
[][][][][][][] [] [][][][][][][] [] [][][][]$[]. \TU/lmtt/m/n/10 theme_minimal(
) \TU/lmr/m/n/10 and
 []

[103]
File: 2020-01-15-brynmawr_files/figure-latex/ggplot-customization-1.pdf Graphic
 file (type pdf)
<use 2020-01-15-brynmawr_files/figure-latex/ggplot-customization-1.pdf>
File: 2020-01-15-brynmawr_files/figure-latex/ggplot-customization-font-size-1.p
df Graphic file (type pdf)
<use 2020-01-15-brynmawr_files/figure-latex/ggplot-customization-font-size-1.pd
f>
[104]
File: 2020-01-15-brynmawr_files/figure-latex/ggplot-customization-label-orienta
tion-1.pdf Graphic file (type pdf)
<use 2020-01-15-brynmawr_files/figure-latex/ggplot-customization-label-orientat
ion-1.pdf>

Underfull \vbox (badness 10000) has occurred while \output is active []

[105]
File: 2020-01-15-brynmawr_files/figure-latex/ggplot-custom-themes-1.pdf Graphic
 file (type pdf)
<use 2020-01-15-brynmawr_files/figure-latex/ggplot-custom-themes-1.pdf>

Underfull \vbox (badness 10000) has occurred while \output is active []

[106] [107] [108]
Chapter 8.
[109

] [110

]
Chapter 9.

Underfull \hbox (badness 6348) in paragraph at lines 5345--5350
\TU/lmr/m/n/10 adapted from: []$[][][][] [] [] [] [][][][][][][][][][][] [] [][
][][][][] [] [][] [] [] [][] [][][][][][] [][] [][][][][][][][][] [] [][] [][] 
[][][][][] [][]
 []


Underfull \hbox (badness 10000) in paragraph at lines 5362--5364

 []


Underfull \hbox (badness 10000) in paragraph at lines 5364--5367

 []


Underfull \hbox (badness 10000) in paragraph at lines 5367--5370

 []


Underfull \hbox (badness 10000) in paragraph at lines 5370--5373

 []


Underfull \hbox (badness 10000) in paragraph at lines 5382--5384

 []


Underfull \hbox (badness 10000) in paragraph at lines 5384--5386

 []

[111]
File: ./fig/New_R_Markdown.png Graphic file (type bmp)
<./fig/New_R_Markdown.png>

Overfull \hbox (58.13307pt too wide) in paragraph at lines 5440--5442
\TU/lmr/m/n/10 box like this: [] 
 []

[112] [113] [114]
Underfull \hbox (badness 1314) in paragraph at lines 5564--5573
\TU/lmr/m/n/10 > > Delete the placeholder text and add the following: >
 []


Underfull \hbox (badness 10000) in paragraph at lines 5564--5573
\TU/lmr/m/n/10 > \TU/lmtt/m/n/10 > # Introduction > > ## Background on Data > >
 This
 []


Underfull \hbox (badness 10000) in paragraph at lines 5564--5573
\TU/lmtt/m/n/10 report uses the *gapminder* dataset, which has columns
 []


Underfull \hbox (badness 10000) in paragraph at lines 5564--5573
\TU/lmtt/m/n/10 that include: > > * country > * continent > * year >
 []


Underfull \hbox (badness 10000) in paragraph at lines 5564--5573
\TU/lmtt/m/n/10 * lifeExp > * pop > * gdpPercap > > ## Background on
 []


Overfull \hbox (12.51501pt too wide) in paragraph at lines 5577--5579
\TU/lmr/m/n/10 You can make a hyperlink like this: \TU/lmtt/m/n/10 [text to sho
w](http://the-web-page.com)\TU/lmr/m/n/10 . 
 []

[115]
File: 2020-01-15-brynmawr_files/figure-latex/rmd_to_html_fig-1.pdf Graphic file
 (type pdf)
<use 2020-01-15-brynmawr_files/figure-latex/rmd_to_html_fig-1.pdf>
[116] [117]
No file 2020-01-15-brynmawr.bbl.
Package atveryend Info: Empty hook `BeforeClearDocument' on input line 5796.
[118]
Package atveryend Info: Empty hook `AfterLastShipout' on input line 5796.
(2020-01-15-brynmawr.aux)
Package atveryend Info: Empty hook `AtVeryEndDocument' on input line 5796.
Package atveryend Info: Executing hook `AtEndAfterFileList' on input line 5796.

Package rerunfilecheck Info: File `2020-01-15-brynmawr.out' has not changed.
(rerunfilecheck)             Checksum: 831D453D1CFCD348DDA6965BC6ACA641.

LaTeX Warning: There were multiply-defined labels.

 ) 
Here is how much of TeX's memory you used:
 24898 strings out of 427665
 469724 string characters out of 3144848
 619565 words of memory out of 3000000
 28691 multiletter control sequences out of 15000+200000
 557530 words of font info for 79 fonts, out of 3000000 for 9000
 1348 hyphenation exceptions out of 8191
 45i,6n,54p,818b,606s stack positions out of 5000i,500n,10000p,200000b,50000s

Output written on 2020-01-15-brynmawr.pdf (118 pages).
